{"D:\\AI_analyst\\frontend\\app\\layout.tsx": {"path":"D:\\AI_analyst\\frontend\\app\\layout.tsx","statementMap":{"0":{"start":{"line":4,"column":24},"end":{"line":4,"column":35}},"1":{"start":{"line":1,"column":7},"end":{"line":1,"column":null}},"2":{"start":{"line":2,"column":24},"end":{"line":2,"column":null}}},"fnMap":{"0":{"name":"RootLayout","decl":{"start":{"line":4,"column":24},"end":{"line":4,"column":35}},"loc":{"start":{"line":8,"column":1},"end":{"line":29,"column":null}}}},"branchMap":{},"s":{"0":0,"1":0,"2":0},"f":{"0":0},"b":{}}
,"D:\\AI_analyst\\frontend\\app\\page.tsx": {"path":"D:\\AI_analyst\\frontend\\app\\page.tsx","statementMap":{"0":{"start":{"line":272,"column":24},"end":{"line":272,"column":null}},"1":{"start":{"line":3,"column":44},"end":{"line":3,"column":null}},"2":{"start":{"line":4,"column":40},"end":{"line":4,"column":null}},"3":{"start":{"line":5,"column":22},"end":{"line":5,"column":null}},"4":{"start":{"line":6,"column":54},"end":{"line":6,"column":null}},"5":{"start":{"line":9,"column":23},"end":{"line":76,"column":null}},"6":{"start":{"line":10,"column":38},"end":{"line":10,"column":null}},"7":{"start":{"line":11,"column":44},"end":{"line":11,"column":null}},"8":{"start":{"line":12,"column":23},"end":{"line":12,"column":null}},"9":{"start":{"line":14,"column":25},"end":{"line":17,"column":null}},"10":{"start":{"line":15,"column":4},"end":{"line":15,"column":null}},"11":{"start":{"line":16,"column":4},"end":{"line":16,"column":null}},"12":{"start":{"line":19,"column":26},"end":{"line":22,"column":null}},"13":{"start":{"line":20,"column":4},"end":{"line":20,"column":null}},"14":{"start":{"line":21,"column":4},"end":{"line":21,"column":null}},"15":{"start":{"line":24,"column":21},"end":{"line":30,"column":null}},"16":{"start":{"line":25,"column":4},"end":{"line":25,"column":null}},"17":{"start":{"line":26,"column":4},"end":{"line":26,"column":null}},"18":{"start":{"line":27,"column":18},"end":{"line":27,"column":null}},"19":{"start":{"line":28,"column":4},"end":{"line":28,"column":null}},"20":{"start":{"line":28,"column":29},"end":{"line":28,"column":null}},"21":{"start":{"line":29,"column":4},"end":{"line":29,"column":null}},"22":{"start":{"line":32,"column":27},"end":{"line":36,"column":null}},"23":{"start":{"line":33,"column":18},"end":{"line":33,"column":null}},"24":{"start":{"line":34,"column":4},"end":{"line":34,"column":null}},"25":{"start":{"line":34,"column":29},"end":{"line":34,"column":null}},"26":{"start":{"line":35,"column":4},"end":{"line":35,"column":null}},"27":{"start":{"line":47,"column":23},"end":{"line":47,"column":null}},"28":{"start":{"line":68,"column":12},"end":{"line":68,"column":29}},"29":{"start":{"line":79,"column":23},"end":{"line":154,"column":null}},"30":{"start":{"line":80,"column":34},"end":{"line":86,"column":null}},"31":{"start":{"line":87,"column":21},"end":{"line":87,"column":null}},"32":{"start":{"line":89,"column":2},"end":{"line":113,"column":null}},"33":{"start":{"line":91,"column":21},"end":{"line":110,"column":null}},"34":{"start":{"line":92,"column":23},"end":{"line":92,"column":null}},"35":{"start":{"line":93,"column":23},"end":{"line":99,"column":null}},"36":{"start":{"line":101,"column":25},"end":{"line":107,"column":null}},"37":{"start":{"line":109,"column":6},"end":{"line":109,"column":null}},"38":{"start":{"line":109,"column":26},"end":{"line":109,"column":null}},"39":{"start":{"line":112,"column":4},"end":{"line":112,"column":null}},"40":{"start":{"line":112,"column":17},"end":{"line":112,"column":null}},"41":{"start":{"line":115,"column":2},"end":{"line":117,"column":null}},"42":{"start":{"line":116,"column":4},"end":{"line":116,"column":null}},"43":{"start":{"line":125,"column":12},"end":{"line":126,"column":null}},"44":{"start":{"line":157,"column":28},"end":{"line":222,"column":null}},"45":{"start":{"line":158,"column":36},"end":{"line":162,"column":null}},"46":{"start":{"line":164,"column":2},"end":{"line":181,"column":null}},"47":{"start":{"line":166,"column":21},"end":{"line":178,"column":null}},"48":{"start":{"line":167,"column":6},"end":{"line":177,"column":null}},"49":{"start":{"line":168,"column":23},"end":{"line":168,"column":null}},"50":{"start":{"line":169,"column":28},"end":{"line":169,"column":77}},"51":{"start":{"line":170,"column":8},"end":{"line":176,"column":null}},"52":{"start":{"line":180,"column":4},"end":{"line":180,"column":null}},"53":{"start":{"line":180,"column":17},"end":{"line":180,"column":null}},"54":{"start":{"line":183,"column":22},"end":{"line":188,"column":null}},"55":{"start":{"line":187,"column":4},"end":{"line":187,"column":null}},"56":{"start":{"line":195,"column":10},"end":{"line":196,"column":null}},"57":{"start":{"line":225,"column":27},"end":{"line":269,"column":null}},"58":{"start":{"line":226,"column":32},"end":{"line":231,"column":null}},"59":{"start":{"line":233,"column":2},"end":{"line":244,"column":null}},"60":{"start":{"line":234,"column":21},"end":{"line":241,"column":null}},"61":{"start":{"line":235,"column":6},"end":{"line":240,"column":null}},"62":{"start":{"line":235,"column":26},"end":{"line":240,"column":null}},"63":{"start":{"line":243,"column":4},"end":{"line":243,"column":null}},"64":{"start":{"line":243,"column":17},"end":{"line":243,"column":null}}},"fnMap":{"0":{"name":"(anonymous_1)","decl":{"start":{"line":9,"column":23},"end":{"line":9,"column":null}},"loc":{"start":{"line":9,"column":23},"end":{"line":76,"column":null}}},"1":{"name":"(anonymous_2)","decl":{"start":{"line":14,"column":25},"end":{"line":14,"column":26}},"loc":{"start":{"line":14,"column":26},"end":{"line":17,"column":null}}},"2":{"name":"(anonymous_3)","decl":{"start":{"line":19,"column":26},"end":{"line":19,"column":27}},"loc":{"start":{"line":19,"column":27},"end":{"line":22,"column":null}}},"3":{"name":"(anonymous_4)","decl":{"start":{"line":24,"column":21},"end":{"line":24,"column":22}},"loc":{"start":{"line":24,"column":22},"end":{"line":30,"column":null}}},"4":{"name":"(anonymous_5)","decl":{"start":{"line":28,"column":21},"end":{"line":28,"column":29}},"loc":{"start":{"line":28,"column":29},"end":{"line":28,"column":null}}},"5":{"name":"(anonymous_6)","decl":{"start":{"line":32,"column":27},"end":{"line":32,"column":28}},"loc":{"start":{"line":32,"column":28},"end":{"line":36,"column":null}}},"6":{"name":"(anonymous_7)","decl":{"start":{"line":34,"column":21},"end":{"line":34,"column":29}},"loc":{"start":{"line":34,"column":29},"end":{"line":34,"column":null}}},"7":{"name":"(anonymous_8)","decl":{"start":{"line":47,"column":17},"end":{"line":47,"column":23}},"loc":{"start":{"line":47,"column":23},"end":{"line":47,"column":null}}},"8":{"name":"(anonymous_9)","decl":{"start":{"line":67,"column":29},"end":{"line":67,"column":30}},"loc":{"start":{"line":68,"column":12},"end":{"line":68,"column":29}}},"9":{"name":"(anonymous_10)","decl":{"start":{"line":79,"column":23},"end":{"line":79,"column":null}},"loc":{"start":{"line":79,"column":23},"end":{"line":154,"column":null}}},"10":{"name":"(anonymous_11)","decl":{"start":{"line":89,"column":12},"end":{"line":89,"column":null}},"loc":{"start":{"line":89,"column":12},"end":{"line":113,"column":5}}},"11":{"name":"(anonymous_12)","decl":{"start":{"line":91,"column":33},"end":{"line":91,"column":null}},"loc":{"start":{"line":91,"column":33},"end":{"line":110,"column":7}}},"12":{"name":"(anonymous_13)","decl":{"start":{"line":109,"column":18},"end":{"line":109,"column":26}},"loc":{"start":{"line":109,"column":26},"end":{"line":109,"column":null}}},"13":{"name":"(anonymous_14)","decl":{"start":{"line":112,"column":11},"end":{"line":112,"column":17}},"loc":{"start":{"line":112,"column":17},"end":{"line":112,"column":null}}},"14":{"name":"(anonymous_15)","decl":{"start":{"line":115,"column":12},"end":{"line":115,"column":null}},"loc":{"start":{"line":115,"column":12},"end":{"line":117,"column":5}}},"15":{"name":"(anonymous_16)","decl":{"start":{"line":124,"column":24},"end":{"line":124,"column":25}},"loc":{"start":{"line":125,"column":12},"end":{"line":126,"column":null}}},"16":{"name":"(anonymous_17)","decl":{"start":{"line":157,"column":28},"end":{"line":157,"column":null}},"loc":{"start":{"line":157,"column":28},"end":{"line":222,"column":null}}},"17":{"name":"(anonymous_18)","decl":{"start":{"line":164,"column":12},"end":{"line":164,"column":null}},"loc":{"start":{"line":164,"column":12},"end":{"line":181,"column":5}}},"18":{"name":"(anonymous_19)","decl":{"start":{"line":166,"column":33},"end":{"line":166,"column":null}},"loc":{"start":{"line":166,"column":33},"end":{"line":178,"column":7}}},"19":{"name":"(anonymous_20)","decl":{"start":{"line":167,"column":19},"end":{"line":167,"column":null}},"loc":{"start":{"line":167,"column":19},"end":{"line":177,"column":null}}},"20":{"name":"(anonymous_21)","decl":{"start":{"line":180,"column":11},"end":{"line":180,"column":17}},"loc":{"start":{"line":180,"column":17},"end":{"line":180,"column":null}}},"21":{"name":"(anonymous_22)","decl":{"start":{"line":183,"column":22},"end":{"line":183,"column":23}},"loc":{"start":{"line":183,"column":23},"end":{"line":188,"column":null}}},"22":{"name":"(anonymous_23)","decl":{"start":{"line":194,"column":39},"end":{"line":194,"column":40}},"loc":{"start":{"line":195,"column":10},"end":{"line":196,"column":null}}},"23":{"name":"(anonymous_24)","decl":{"start":{"line":225,"column":27},"end":{"line":225,"column":null}},"loc":{"start":{"line":225,"column":27},"end":{"line":269,"column":null}}},"24":{"name":"(anonymous_25)","decl":{"start":{"line":233,"column":12},"end":{"line":233,"column":null}},"loc":{"start":{"line":233,"column":12},"end":{"line":244,"column":5}}},"25":{"name":"(anonymous_26)","decl":{"start":{"line":234,"column":33},"end":{"line":234,"column":null}},"loc":{"start":{"line":234,"column":33},"end":{"line":241,"column":7}}},"26":{"name":"(anonymous_27)","decl":{"start":{"line":235,"column":17},"end":{"line":235,"column":26}},"loc":{"start":{"line":235,"column":26},"end":{"line":240,"column":null}}},"27":{"name":"(anonymous_28)","decl":{"start":{"line":243,"column":11},"end":{"line":243,"column":17}},"loc":{"start":{"line":243,"column":17},"end":{"line":243,"column":null}}},"28":{"name":"MinimalistHomePage","decl":{"start":{"line":272,"column":24},"end":{"line":272,"column":null}},"loc":{"start":{"line":272,"column":24},"end":{"line":310,"column":null}}}},"branchMap":{"0":{"loc":{"start":{"line":33,"column":29},"end":{"line":33,"column":49}},"type":"binary-expr","locations":[{"start":{"line":33,"column":29},"end":{"line":33,"column":43}},{"start":{"line":33,"column":47},"end":{"line":33,"column":49}}]},"1":{"loc":{"start":{"line":42,"column":10},"end":{"line":42,"column":null}},"type":"cond-expr","locations":[{"start":{"line":42,"column":23},"end":{"line":42,"column":54}},{"start":{"line":42,"column":54},"end":{"line":42,"column":null}}]},"2":{"loc":{"start":{"line":64,"column":7},"end":{"line":64,"column":null}},"type":"binary-expr","locations":[{"start":{"line":64,"column":7},"end":{"line":64,"column":null}}]},"3":{"loc":{"start":{"line":106,"column":14},"end":{"line":106,"column":null}},"type":"cond-expr","locations":[{"start":{"line":106,"column":36},"end":{"line":106,"column":46}},{"start":{"line":106,"column":46},"end":{"line":106,"column":null}}]},"4":{"loc":{"start":{"line":131,"column":16},"end":{"line":133,"column":null}},"type":"cond-expr","locations":[{"start":{"line":132,"column":20},"end":{"line":132,"column":null}},{"start":{"line":133,"column":20},"end":{"line":133,"column":null}}]},"5":{"loc":{"start":{"line":138,"column":18},"end":{"line":138,"column":null}},"type":"cond-expr","locations":[{"start":{"line":138,"column":45},"end":{"line":138,"column":65}},{"start":{"line":138,"column":65},"end":{"line":138,"column":null}}]},"6":{"loc":{"start":{"line":198,"column":14},"end":{"line":198,"column":null}},"type":"cond-expr","locations":[{"start":{"line":198,"column":33},"end":{"line":198,"column":66}},{"start":{"line":198,"column":66},"end":{"line":198,"column":null}}]},"7":{"loc":{"start":{"line":199,"column":16},"end":{"line":199,"column":48}},"type":"cond-expr","locations":[{"start":{"line":199,"column":30},"end":{"line":199,"column":45}},{"start":{"line":199,"column":45},"end":{"line":199,"column":48}}]},"8":{"loc":{"start":{"line":205,"column":16},"end":{"line":207,"column":17}},"type":"cond-expr","locations":[{"start":{"line":205,"column":16},"end":{"line":207,"column":17}}]},"9":{"loc":{"start":{"line":213,"column":17},"end":{"line":214,"column":null}},"type":"cond-expr","locations":[{"start":{"line":213,"column":43},"end":{"line":213,"column":null}},{"start":{"line":214,"column":17},"end":{"line":214,"column":null}}]},"10":{"loc":{"start":{"line":214,"column":17},"end":{"line":214,"column":null}},"type":"cond-expr","locations":[{"start":{"line":214,"column":46},"end":{"line":214,"column":54}},{"start":{"line":214,"column":54},"end":{"line":214,"column":null}}]}},"s":{"0":0,"1":0,"2":0,"3":0,"4":0,"5":0,"6":0,"7":0,"8":0,"9":0,"10":0,"11":0,"12":0,"13":0,"14":0,"15":0,"16":0,"17":0,"18":0,"19":0,"20":0,"21":0,"22":0,"23":0,"24":0,"25":0,"26":0,"27":0,"28":0,"29":0,"30":0,"31":0,"32":0,"33":0,"34":0,"35":0,"36":0,"37":0,"38":0,"39":0,"40":0,"41":0,"42":0,"43":0,"44":0,"45":0,"46":0,"47":0,"48":0,"49":0,"50":0,"51":0,"52":0,"53":0,"54":0,"55":0,"56":0,"57":0,"58":0,"59":0,"60":0,"61":0,"62":0,"63":0,"64":0},"f":{"0":0,"1":0,"2":0,"3":0,"4":0,"5":0,"6":0,"7":0,"8":0,"9":0,"10":0,"11":0,"12":0,"13":0,"14":0,"15":0,"16":0,"17":0,"18":0,"19":0,"20":0,"21":0,"22":0,"23":0,"24":0,"25":0,"26":0,"27":0,"28":0},"b":{"0":[0,0],"1":[0,0],"2":[0],"3":[0,0],"4":[0,0],"5":[0,0],"6":[0,0],"7":[0,0],"8":[0],"9":[0,0],"10":[0,0]}}
,"D:\\AI_analyst\\frontend\\app\\upload\\page.tsx": {"path":"D:\\AI_analyst\\frontend\\app\\upload\\page.tsx","statementMap":{"0":{"start":{"line":13,"column":24},"end":{"line":13,"column":null}},"1":{"start":{"line":3,"column":36},"end":{"line":3,"column":null}},"2":{"start":{"line":4,"column":51},"end":{"line":4,"column":null}},"3":{"start":{"line":14,"column":26},"end":{"line":14,"column":null}},"4":{"start":{"line":15,"column":38},"end":{"line":15,"column":null}},"5":{"start":{"line":16,"column":42},"end":{"line":16,"column":null}},"6":{"start":{"line":17,"column":42},"end":{"line":17,"column":null}},"7":{"start":{"line":18,"column":28},"end":{"line":23,"column":null}},"8":{"start":{"line":24,"column":30},"end":{"line":24,"column":null}},"9":{"start":{"line":25,"column":38},"end":{"line":25,"column":null}},"10":{"start":{"line":26,"column":46},"end":{"line":30,"column":null}},"11":{"start":{"line":32,"column":26},"end":{"line":34,"column":null}},"12":{"start":{"line":33,"column":4},"end":{"line":33,"column":null}},"13":{"start":{"line":33,"column":30},"end":{"line":33,"column":null}},"14":{"start":{"line":36,"column":21},"end":{"line":40,"column":null}},"15":{"start":{"line":37,"column":4},"end":{"line":38,"column":null}},"16":{"start":{"line":37,"column":21},"end":{"line":38,"column":null}},"17":{"start":{"line":38,"column":6},"end":{"line":38,"column":null}},"18":{"start":{"line":42,"column":27},"end":{"line":56,"column":null}},"19":{"start":{"line":43,"column":25},"end":{"line":43,"column":48}},"20":{"start":{"line":44,"column":4},"end":{"line":55,"column":null}},"21":{"start":{"line":45,"column":6},"end":{"line":45,"column":null}},"22":{"start":{"line":46,"column":6},"end":{"line":46,"column":null}},"23":{"start":{"line":47,"column":6},"end":{"line":47,"column":null}},"24":{"start":{"line":49,"column":23},"end":{"line":49,"column":null}},"25":{"start":{"line":50,"column":6},"end":{"line":54,"column":null}},"26":{"start":{"line":51,"column":8},"end":{"line":51,"column":null}},"27":{"start":{"line":53,"column":8},"end":{"line":53,"column":null}},"28":{"start":{"line":58,"column":23},"end":{"line":118,"column":null}},"29":{"start":{"line":59,"column":4},"end":{"line":62,"column":null}},"30":{"start":{"line":60,"column":6},"end":{"line":60,"column":null}},"31":{"start":{"line":61,"column":6},"end":{"line":61,"column":null}},"32":{"start":{"line":64,"column":4},"end":{"line":64,"column":null}},"33":{"start":{"line":65,"column":4},"end":{"line":65,"column":null}},"34":{"start":{"line":66,"column":4},"end":{"line":66,"column":null}},"35":{"start":{"line":68,"column":4},"end":{"line":70,"column":null}},"36":{"start":{"line":69,"column":6},"end":{"line":69,"column":null}},"37":{"start":{"line":72,"column":4},"end":{"line":117,"column":null}},"38":{"start":{"line":74,"column":6},"end":{"line":74,"column":null}},"39":{"start":{"line":75,"column":6},"end":{"line":75,"column":null}},"40":{"start":{"line":77,"column":29},"end":{"line":77,"column":null}},"41":{"start":{"line":78,"column":6},"end":{"line":78,"column":null}},"42":{"start":{"line":79,"column":6},"end":{"line":79,"column":null}},"43":{"start":{"line":82,"column":6},"end":{"line":82,"column":null}},"44":{"start":{"line":83,"column":6},"end":{"line":83,"column":null}},"45":{"start":{"line":86,"column":6},"end":{"line":86,"column":null}},"46":{"start":{"line":86,"column":35},"end":{"line":86,"column":null}},"47":{"start":{"line":87,"column":6},"end":{"line":87,"column":null}},"48":{"start":{"line":88,"column":6},"end":{"line":88,"column":null}},"49":{"start":{"line":91,"column":6},"end":{"line":91,"column":null}},"50":{"start":{"line":92,"column":6},"end":{"line":92,"column":null}},"51":{"start":{"line":93,"column":6},"end":{"line":93,"column":null}},"52":{"start":{"line":95,"column":29},"end":{"line":98,"column":null}},"53":{"start":{"line":101,"column":6},"end":{"line":101,"column":null}},"54":{"start":{"line":102,"column":6},"end":{"line":102,"column":null}},"55":{"start":{"line":105,"column":6},"end":{"line":105,"column":null}},"56":{"start":{"line":106,"column":6},"end":{"line":106,"column":null}},"57":{"start":{"line":107,"column":6},"end":{"line":107,"column":null}},"58":{"start":{"line":109,"column":6},"end":{"line":109,"column":null}},"59":{"start":{"line":112,"column":26},"end":{"line":112,"column":null}},"60":{"start":{"line":112,"column":42},"end":{"line":112,"column":67}},"61":{"start":{"line":113,"column":6},"end":{"line":113,"column":null}},"62":{"start":{"line":114,"column":6},"end":{"line":114,"column":null}},"63":{"start":{"line":116,"column":6},"end":{"line":116,"column":null}},"64":{"start":{"line":120,"column":28},"end":{"line":127,"column":null}},"65":{"start":{"line":121,"column":4},"end":{"line":126,"column":null}},"66":{"start":{"line":122,"column":28},"end":{"line":122,"column":null}},"67":{"start":{"line":123,"column":28},"end":{"line":123,"column":null}},"68":{"start":{"line":124,"column":33},"end":{"line":124,"column":null}},"69":{"start":{"line":125,"column":15},"end":{"line":125,"column":null}},"70":{"start":{"line":129,"column":28},"end":{"line":136,"column":null}},"71":{"start":{"line":130,"column":4},"end":{"line":135,"column":null}},"72":{"start":{"line":131,"column":23},"end":{"line":131,"column":null}},"73":{"start":{"line":132,"column":22},"end":{"line":132,"column":null}},"74":{"start":{"line":133,"column":20},"end":{"line":133,"column":null}},"75":{"start":{"line":134,"column":15},"end":{"line":134,"column":null}},"76":{"start":{"line":138,"column":29},"end":{"line":145,"column":null}},"77":{"start":{"line":139,"column":4},"end":{"line":144,"column":null}},"78":{"start":{"line":140,"column":23},"end":{"line":140,"column":null}},"79":{"start":{"line":141,"column":22},"end":{"line":141,"column":null}},"80":{"start":{"line":142,"column":20},"end":{"line":142,"column":null}},"81":{"start":{"line":143,"column":15},"end":{"line":143,"column":null}},"82":{"start":{"line":193,"column":31},"end":{"line":193,"column":null}},"83":{"start":{"line":217,"column":31},"end":{"line":217,"column":null}},"84":{"start":{"line":253,"column":44},"end":{"line":253,"column":67}},"85":{"start":{"line":259,"column":16},"end":{"line":260,"column":null}},"86":{"start":{"line":277,"column":29},"end":{"line":277,"column":null}},"87":{"start":{"line":306,"column":12},"end":{"line":306,"column":29}},"88":{"start":{"line":315,"column":54},"end":{"line":315,"column":null}},"89":{"start":{"line":316,"column":57},"end":{"line":316,"column":null}},"90":{"start":{"line":319,"column":29},"end":{"line":319,"column":null}}},"fnMap":{"0":{"name":"UploadPage","decl":{"start":{"line":13,"column":24},"end":{"line":13,"column":null}},"loc":{"start":{"line":13,"column":24},"end":{"line":336,"column":null}}},"1":{"name":"(anonymous_2)","decl":{"start":{"line":32,"column":26},"end":{"line":32,"column":27}},"loc":{"start":{"line":32,"column":27},"end":{"line":34,"column":null}}},"2":{"name":"(anonymous_3)","decl":{"start":{"line":33,"column":22},"end":{"line":33,"column":30}},"loc":{"start":{"line":33,"column":30},"end":{"line":33,"column":null}}},"3":{"name":"(anonymous_4)","decl":{"start":{"line":36,"column":21},"end":{"line":36,"column":22}},"loc":{"start":{"line":36,"column":72},"end":{"line":40,"column":null}}},"4":{"name":"(anonymous_5)","decl":{"start":{"line":37,"column":13},"end":{"line":37,"column":21}},"loc":{"start":{"line":37,"column":21},"end":{"line":38,"column":null}}},"5":{"name":"(anonymous_6)","decl":{"start":{"line":37,"column":30},"end":{"line":37,"column":null}},"loc":{"start":{"line":38,"column":6},"end":{"line":38,"column":null}}},"6":{"name":"(anonymous_7)","decl":{"start":{"line":42,"column":27},"end":{"line":42,"column":28}},"loc":{"start":{"line":42,"column":28},"end":{"line":56,"column":null}}},"7":{"name":"(anonymous_8)","decl":{"start":{"line":58,"column":23},"end":{"line":58,"column":null}},"loc":{"start":{"line":58,"column":23},"end":{"line":118,"column":null}}},"8":{"name":"(anonymous_9)","decl":{"start":{"line":86,"column":24},"end":{"line":86,"column":35}},"loc":{"start":{"line":86,"column":35},"end":{"line":86,"column":null}}},"9":{"name":"(anonymous_10)","decl":{"start":{"line":112,"column":37},"end":{"line":112,"column":42}},"loc":{"start":{"line":112,"column":42},"end":{"line":112,"column":67}}},"10":{"name":"(anonymous_11)","decl":{"start":{"line":120,"column":28},"end":{"line":120,"column":29}},"loc":{"start":{"line":120,"column":29},"end":{"line":127,"column":null}}},"11":{"name":"(anonymous_12)","decl":{"start":{"line":129,"column":28},"end":{"line":129,"column":29}},"loc":{"start":{"line":129,"column":29},"end":{"line":136,"column":null}}},"12":{"name":"(anonymous_13)","decl":{"start":{"line":138,"column":29},"end":{"line":138,"column":30}},"loc":{"start":{"line":138,"column":30},"end":{"line":145,"column":null}}},"13":{"name":"(anonymous_14)","decl":{"start":{"line":193,"column":24},"end":{"line":193,"column":25}},"loc":{"start":{"line":193,"column":31},"end":{"line":193,"column":null}}},"14":{"name":"(anonymous_15)","decl":{"start":{"line":217,"column":24},"end":{"line":217,"column":25}},"loc":{"start":{"line":217,"column":31},"end":{"line":217,"column":null}}},"15":{"name":"(anonymous_16)","decl":{"start":{"line":253,"column":39},"end":{"line":253,"column":44}},"loc":{"start":{"line":253,"column":44},"end":{"line":253,"column":67}}},"16":{"name":"(anonymous_17)","decl":{"start":{"line":258,"column":25},"end":{"line":258,"column":26}},"loc":{"start":{"line":259,"column":16},"end":{"line":260,"column":null}}},"17":{"name":"(anonymous_18)","decl":{"start":{"line":277,"column":23},"end":{"line":277,"column":29}},"loc":{"start":{"line":277,"column":29},"end":{"line":277,"column":null}}},"18":{"name":"(anonymous_19)","decl":{"start":{"line":305,"column":30},"end":{"line":305,"column":31}},"loc":{"start":{"line":306,"column":12},"end":{"line":306,"column":29}}},"19":{"name":"(anonymous_20)","decl":{"start":{"line":315,"column":48},"end":{"line":315,"column":54}},"loc":{"start":{"line":315,"column":54},"end":{"line":315,"column":null}}},"20":{"name":"(anonymous_21)","decl":{"start":{"line":316,"column":50},"end":{"line":316,"column":51}},"loc":{"start":{"line":316,"column":57},"end":{"line":316,"column":null}}},"21":{"name":"(anonymous_22)","decl":{"start":{"line":319,"column":23},"end":{"line":319,"column":29}},"loc":{"start":{"line":319,"column":29},"end":{"line":319,"column":null}}}},"branchMap":{"0":{"loc":{"start":{"line":38,"column":6},"end":{"line":38,"column":null}},"type":"cond-expr","locations":[{"start":{"line":38,"column":27},"end":{"line":38,"column":58}},{"start":{"line":38,"column":58},"end":{"line":38,"column":null}}]},"1":{"loc":{"start":{"line":44,"column":4},"end":{"line":55,"column":null}},"type":"if","locations":[{"start":{"line":44,"column":4},"end":{"line":55,"column":null}}]},"2":{"loc":{"start":{"line":50,"column":6},"end":{"line":54,"column":null}},"type":"if","locations":[{"start":{"line":50,"column":6},"end":{"line":54,"column":null}},{"start":{"line":52,"column":13},"end":{"line":54,"column":null}}]},"3":{"loc":{"start":{"line":50,"column":49},"end":{"line":50,"column":66}},"type":"binary-expr","locations":[{"start":{"line":50,"column":49},"end":{"line":50,"column":61}},{"start":{"line":50,"column":61},"end":{"line":50,"column":66}}]},"4":{"loc":{"start":{"line":59,"column":4},"end":{"line":62,"column":null}},"type":"if","locations":[{"start":{"line":59,"column":4},"end":{"line":62,"column":null}}]},"5":{"loc":{"start":{"line":68,"column":4},"end":{"line":70,"column":null}},"type":"if","locations":[{"start":{"line":68,"column":4},"end":{"line":70,"column":null}}]},"6":{"loc":{"start":{"line":98,"column":8},"end":{"line":98,"column":null}},"type":"binary-expr","locations":[{"start":{"line":98,"column":8},"end":{"line":98,"column":24}},{"start":{"line":98,"column":24},"end":{"line":98,"column":null}}]},"7":{"loc":{"start":{"line":112,"column":26},"end":{"line":112,"column":null}},"type":"binary-expr","locations":[{"start":{"line":112,"column":26},"end":{"line":112,"column":73}},{"start":{"line":112,"column":73},"end":{"line":112,"column":null}}]},"8":{"loc":{"start":{"line":121,"column":4},"end":{"line":126,"column":null}},"type":"switch","locations":[{"start":{"line":122,"column":6},"end":{"line":122,"column":null}},{"start":{"line":123,"column":6},"end":{"line":123,"column":null}},{"start":{"line":124,"column":6},"end":{"line":124,"column":null}},{"start":{"line":125,"column":6},"end":{"line":125,"column":null}}]},"9":{"loc":{"start":{"line":130,"column":4},"end":{"line":135,"column":null}},"type":"switch","locations":[{"start":{"line":131,"column":6},"end":{"line":131,"column":null}},{"start":{"line":132,"column":6},"end":{"line":132,"column":null}},{"start":{"line":133,"column":6},"end":{"line":133,"column":null}},{"start":{"line":134,"column":6},"end":{"line":134,"column":null}}]},"10":{"loc":{"start":{"line":139,"column":4},"end":{"line":144,"column":null}},"type":"switch","locations":[{"start":{"line":140,"column":6},"end":{"line":140,"column":null}},{"start":{"line":141,"column":6},"end":{"line":141,"column":null}},{"start":{"line":142,"column":6},"end":{"line":142,"column":null}},{"start":{"line":143,"column":6},"end":{"line":143,"column":null}}]},"11":{"loc":{"start":{"line":236,"column":22},"end":{"line":236,"column":null}},"type":"binary-expr","locations":[{"start":{"line":236,"column":22},"end":{"line":236,"column":31}},{"start":{"line":236,"column":31},"end":{"line":236,"column":null}}]},"12":{"loc":{"start":{"line":240,"column":26},"end":{"line":240,"column":null}},"type":"cond-expr","locations":[{"start":{"line":240,"column":50},"end":{"line":240,"column":62}},{"start":{"line":240,"column":62},"end":{"line":240,"column":null}}]},"13":{"loc":{"start":{"line":240,"column":26},"end":{"line":240,"column":50}},"type":"binary-expr","locations":[{"start":{"line":240,"column":26},"end":{"line":240,"column":34}},{"start":{"line":240,"column":34},"end":{"line":240,"column":50}}]},"14":{"loc":{"start":{"line":246,"column":22},"end":{"line":246,"column":null}},"type":"cond-expr","locations":[{"start":{"line":246,"column":46},"end":{"line":246,"column":58}},{"start":{"line":246,"column":58},"end":{"line":246,"column":null}}]},"15":{"loc":{"start":{"line":246,"column":22},"end":{"line":246,"column":46}},"type":"binary-expr","locations":[{"start":{"line":246,"column":22},"end":{"line":246,"column":30}},{"start":{"line":246,"column":30},"end":{"line":246,"column":46}}]},"16":{"loc":{"start":{"line":249,"column":13},"end":{"line":249,"column":null}},"type":"cond-expr","locations":[{"start":{"line":249,"column":28},"end":{"line":249,"column":39}},{"start":{"line":249,"column":39},"end":{"line":249,"column":null}}]},"17":{"loc":{"start":{"line":253,"column":12},"end":{"line":253,"column":28}},"type":"binary-expr","locations":[{"start":{"line":253,"column":12},"end":{"line":253,"column":28}},{"start":{"line":253,"column":28},"end":{"line":253,"column":67}}]},"18":{"loc":{"start":{"line":264,"column":19},"end":{"line":264,"column":31}},"type":"binary-expr","locations":[{"start":{"line":264,"column":19},"end":{"line":264,"column":31}}]},"19":{"loc":{"start":{"line":275,"column":11},"end":{"line":275,"column":null}},"type":"binary-expr","locations":[{"start":{"line":275,"column":11},"end":{"line":275,"column":null}}]},"20":{"loc":{"start":{"line":314,"column":7},"end":{"line":314,"column":null}},"type":"binary-expr","locations":[{"start":{"line":314,"column":7},"end":{"line":314,"column":null}}]}},"s":{"0":0,"1":0,"2":0,"3":0,"4":0,"5":0,"6":0,"7":0,"8":0,"9":0,"10":0,"11":0,"12":0,"13":0,"14":0,"15":0,"16":0,"17":0,"18":0,"19":0,"20":0,"21":0,"22":0,"23":0,"24":0,"25":0,"26":0,"27":0,"28":0,"29":0,"30":0,"31":0,"32":0,"33":0,"34":0,"35":0,"36":0,"37":0,"38":0,"39":0,"40":0,"41":0,"42":0,"43":0,"44":0,"45":0,"46":0,"47":0,"48":0,"49":0,"50":0,"51":0,"52":0,"53":0,"54":0,"55":0,"56":0,"57":0,"58":0,"59":0,"60":0,"61":0,"62":0,"63":0,"64":0,"65":0,"66":0,"67":0,"68":0,"69":0,"70":0,"71":0,"72":0,"73":0,"74":0,"75":0,"76":0,"77":0,"78":0,"79":0,"80":0,"81":0,"82":0,"83":0,"84":0,"85":0,"86":0,"87":0,"88":0,"89":0,"90":0},"f":{"0":0,"1":0,"2":0,"3":0,"4":0,"5":0,"6":0,"7":0,"8":0,"9":0,"10":0,"11":0,"12":0,"13":0,"14":0,"15":0,"16":0,"17":0,"18":0,"19":0,"20":0,"21":0},"b":{"0":[0,0],"1":[0],"2":[0,0],"3":[0,0],"4":[0],"5":[0],"6":[0,0],"7":[0,0],"8":[0,0,0,0],"9":[0,0,0,0],"10":[0,0,0,0],"11":[0,0],"12":[0,0],"13":[0,0],"14":[0,0],"15":[0,0],"16":[0,0],"17":[0,0],"18":[0],"19":[0],"20":[0]}}
,"D:\\AI_analyst\\frontend\\components\\EnhancedFileUpload.tsx": {"path":"D:\\AI_analyst\\frontend\\components\\EnhancedFileUpload.tsx","statementMap":{"0":{"start":{"line":26,"column":24},"end":{"line":26,"column":43}},"1":{"start":{"line":3,"column":46},"end":{"line":3,"column":null}},"2":{"start":{"line":4,"column":27},"end":{"line":4,"column":null}},"3":{"start":{"line":36,"column":28},"end":{"line":36,"column":null}},"4":{"start":{"line":37,"column":38},"end":{"line":37,"column":null}},"5":{"start":{"line":38,"column":40},"end":{"line":38,"column":null}},"6":{"start":{"line":39,"column":23},"end":{"line":39,"column":null}},"7":{"start":{"line":41,"column":23},"end":{"line":54,"column":null}},"8":{"start":{"line":43,"column":4},"end":{"line":45,"column":null}},"9":{"start":{"line":44,"column":6},"end":{"line":44,"column":null}},"10":{"start":{"line":48,"column":22},"end":{"line":48,"column":null}},"11":{"start":{"line":49,"column":4},"end":{"line":51,"column":null}},"12":{"start":{"line":50,"column":6},"end":{"line":50,"column":null}},"13":{"start":{"line":53,"column":4},"end":{"line":53,"column":null}},"14":{"start":{"line":56,"column":26},"end":{"line":66,"column":null}},"15":{"start":{"line":57,"column":4},"end":{"line":65,"column":null}},"16":{"start":{"line":58,"column":6},"end":{"line":64,"column":null}},"17":{"start":{"line":59,"column":23},"end":{"line":59,"column":null}},"18":{"start":{"line":60,"column":8},"end":{"line":60,"column":null}},"19":{"start":{"line":60,"column":31},"end":{"line":60,"column":null}},"20":{"start":{"line":61,"column":8},"end":{"line":61,"column":null}},"21":{"start":{"line":63,"column":8},"end":{"line":63,"column":null}},"22":{"start":{"line":68,"column":19},"end":{"line":94,"column":null}},"23":{"start":{"line":69,"column":4},"end":{"line":72,"column":null}},"24":{"start":{"line":70,"column":6},"end":{"line":70,"column":null}},"25":{"start":{"line":71,"column":6},"end":{"line":71,"column":null}},"26":{"start":{"line":74,"column":46},"end":{"line":74,"column":48}},"27":{"start":{"line":76,"column":4},"end":{"line":91,"column":null}},"28":{"start":{"line":77,"column":20},"end":{"line":77,"column":null}},"29":{"start":{"line":78,"column":6},"end":{"line":81,"column":null}},"30":{"start":{"line":79,"column":8},"end":{"line":79,"column":null}},"31":{"start":{"line":80,"column":8},"end":{"line":80,"column":null}},"32":{"start":{"line":83,"column":22},"end":{"line":83,"column":null}},"33":{"start":{"line":84,"column":6},"end":{"line":90,"column":null}},"34":{"start":{"line":93,"column":4},"end":{"line":93,"column":null}},"35":{"start":{"line":93,"column":21},"end":{"line":93,"column":null}},"36":{"start":{"line":96,"column":21},"end":{"line":98,"column":null}},"37":{"start":{"line":97,"column":4},"end":{"line":97,"column":null}},"38":{"start":{"line":97,"column":21},"end":{"line":97,"column":null}},"39":{"start":{"line":97,"column":38},"end":{"line":97,"column":null}},"40":{"start":{"line":100,"column":22},"end":{"line":153,"column":null}},"41":{"start":{"line":101,"column":4},"end":{"line":104,"column":null}},"42":{"start":{"line":102,"column":6},"end":{"line":102,"column":null}},"43":{"start":{"line":103,"column":6},"end":{"line":103,"column":null}},"44":{"start":{"line":106,"column":4},"end":{"line":106,"column":null}},"45":{"start":{"line":107,"column":25},"end":{"line":107,"column":null}},"46":{"start":{"line":109,"column":4},"end":{"line":152,"column":null}},"47":{"start":{"line":110,"column":6},"end":{"line":147,"column":null}},"48":{"start":{"line":110,"column":19},"end":{"line":110,"column":22}},"49":{"start":{"line":111,"column":25},"end":{"line":111,"column":40}},"50":{"start":{"line":112,"column":8},"end":{"line":112,"column":null}},"51":{"start":{"line":112,"column":43},"end":{"line":112,"column":null}},"52":{"start":{"line":115,"column":8},"end":{"line":115,"column":null}},"53":{"start":{"line":116,"column":8},"end":{"line":116,"column":null}},"54":{"start":{"line":118,"column":8},"end":{"line":146,"column":null}},"55":{"start":{"line":120,"column":35},"end":{"line":126,"column":null}},"56":{"start":{"line":121,"column":12},"end":{"line":124,"column":null}},"57":{"start":{"line":125,"column":12},"end":{"line":125,"column":null}},"58":{"start":{"line":128,"column":27},"end":{"line":128,"column":null}},"59":{"start":{"line":130,"column":10},"end":{"line":130,"column":null}},"60":{"start":{"line":131,"column":10},"end":{"line":135,"column":null}},"61":{"start":{"line":136,"column":10},"end":{"line":136,"column":null}},"62":{"start":{"line":139,"column":10},"end":{"line":144,"column":null}},"63":{"start":{"line":145,"column":10},"end":{"line":145,"column":null}},"64":{"start":{"line":149,"column":6},"end":{"line":149,"column":null}},"65":{"start":{"line":149,"column":47},"end":{"line":149,"column":null}},"66":{"start":{"line":151,"column":6},"end":{"line":151,"column":null}},"67":{"start":{"line":155,"column":21},"end":{"line":158,"column":null}},"68":{"start":{"line":156,"column":4},"end":{"line":156,"column":null}},"69":{"start":{"line":157,"column":4},"end":{"line":157,"column":null}},"70":{"start":{"line":160,"column":23},"end":{"line":164,"column":null}},"71":{"start":{"line":161,"column":4},"end":{"line":161,"column":null}},"72":{"start":{"line":162,"column":4},"end":{"line":162,"column":null}},"73":{"start":{"line":163,"column":4},"end":{"line":163,"column":null}},"74":{"start":{"line":166,"column":24},"end":{"line":170,"column":null}},"75":{"start":{"line":167,"column":4},"end":{"line":167,"column":null}},"76":{"start":{"line":168,"column":4},"end":{"line":168,"column":null}},"77":{"start":{"line":169,"column":4},"end":{"line":169,"column":null}},"78":{"start":{"line":172,"column":21},"end":{"line":179,"column":null}},"79":{"start":{"line":173,"column":4},"end":{"line":173,"column":null}},"80":{"start":{"line":174,"column":4},"end":{"line":174,"column":null}},"81":{"start":{"line":175,"column":4},"end":{"line":175,"column":null}},"82":{"start":{"line":177,"column":25},"end":{"line":177,"column":null}},"83":{"start":{"line":178,"column":4},"end":{"line":178,"column":null}},"84":{"start":{"line":181,"column":26},"end":{"line":186,"column":null}},"85":{"start":{"line":182,"column":4},"end":{"line":185,"column":null}},"86":{"start":{"line":183,"column":28},"end":{"line":183,"column":null}},"87":{"start":{"line":184,"column":6},"end":{"line":184,"column":null}},"88":{"start":{"line":188,"column":22},"end":{"line":197,"column":null}},"89":{"start":{"line":189,"column":22},"end":{"line":189,"column":null}},"90":{"start":{"line":190,"column":4},"end":{"line":196,"column":null}},"91":{"start":{"line":191,"column":18},"end":{"line":191,"column":null}},"92":{"start":{"line":192,"column":18},"end":{"line":192,"column":null}},"93":{"start":{"line":194,"column":18},"end":{"line":194,"column":null}},"94":{"start":{"line":195,"column":15},"end":{"line":195,"column":null}},"95":{"start":{"line":199,"column":25},"end":{"line":206,"column":null}},"96":{"start":{"line":200,"column":4},"end":{"line":205,"column":null}},"97":{"start":{"line":201,"column":22},"end":{"line":201,"column":null}},"98":{"start":{"line":202,"column":20},"end":{"line":202,"column":null}},"99":{"start":{"line":203,"column":24},"end":{"line":203,"column":null}},"100":{"start":{"line":204,"column":15},"end":{"line":204,"column":null}},"101":{"start":{"line":217,"column":23},"end":{"line":217,"column":null}},"102":{"start":{"line":238,"column":42},"end":{"line":238,"column":52}},"103":{"start":{"line":250,"column":29},"end":{"line":250,"column":null}},"104":{"start":{"line":258,"column":12},"end":{"line":258,"column":45}},"105":{"start":{"line":291,"column":35},"end":{"line":291,"column":null}},"106":{"start":{"line":309,"column":54},"end":{"line":309,"column":81}}},"fnMap":{"0":{"name":"EnhancedFileUpload","decl":{"start":{"line":26,"column":24},"end":{"line":26,"column":43}},"loc":{"start":{"line":35,"column":26},"end":{"line":739,"column":null}}},"1":{"name":"(anonymous_3)","decl":{"start":{"line":41,"column":23},"end":{"line":41,"column":24}},"loc":{"start":{"line":41,"column":24},"end":{"line":54,"column":null}}},"2":{"name":"(anonymous_4)","decl":{"start":{"line":56,"column":26},"end":{"line":56,"column":27}},"loc":{"start":{"line":56,"column":27},"end":{"line":66,"column":null}}},"3":{"name":"(anonymous_5)","decl":{"start":{"line":57,"column":23},"end":{"line":57,"column":24}},"loc":{"start":{"line":57,"column":24},"end":{"line":65,"column":null}}},"4":{"name":"(anonymous_6)","decl":{"start":{"line":60,"column":24},"end":{"line":60,"column":25}},"loc":{"start":{"line":60,"column":31},"end":{"line":60,"column":null}}},"5":{"name":"(anonymous_7)","decl":{"start":{"line":68,"column":31},"end":{"line":68,"column":38}},"loc":{"start":{"line":68,"column":38},"end":{"line":94,"column":5}}},"6":{"name":"(anonymous_8)","decl":{"start":{"line":93,"column":13},"end":{"line":93,"column":21}},"loc":{"start":{"line":93,"column":21},"end":{"line":93,"column":null}}},"7":{"name":"(anonymous_9)","decl":{"start":{"line":96,"column":21},"end":{"line":96,"column":22}},"loc":{"start":{"line":96,"column":22},"end":{"line":98,"column":null}}},"8":{"name":"(anonymous_10)","decl":{"start":{"line":97,"column":13},"end":{"line":97,"column":21}},"loc":{"start":{"line":97,"column":21},"end":{"line":97,"column":null}}},"9":{"name":"(anonymous_11)","decl":{"start":{"line":97,"column":33},"end":{"line":97,"column":38}},"loc":{"start":{"line":97,"column":38},"end":{"line":97,"column":null}}},"10":{"name":"(anonymous_12)","decl":{"start":{"line":100,"column":22},"end":{"line":100,"column":null}},"loc":{"start":{"line":100,"column":22},"end":{"line":153,"column":null}}},"11":{"name":"(anonymous_13)","decl":{"start":{"line":120,"column":47},"end":{"line":120,"column":null}},"loc":{"start":{"line":120,"column":47},"end":{"line":126,"column":13}}},"12":{"name":"(anonymous_14)","decl":{"start":{"line":149,"column":42},"end":{"line":149,"column":47}},"loc":{"start":{"line":149,"column":47},"end":{"line":149,"column":null}}},"13":{"name":"(anonymous_15)","decl":{"start":{"line":155,"column":33},"end":{"line":155,"column":34}},"loc":{"start":{"line":155,"column":34},"end":{"line":158,"column":5}}},"14":{"name":"(anonymous_16)","decl":{"start":{"line":160,"column":35},"end":{"line":160,"column":36}},"loc":{"start":{"line":160,"column":36},"end":{"line":164,"column":5}}},"15":{"name":"(anonymous_17)","decl":{"start":{"line":166,"column":36},"end":{"line":166,"column":37}},"loc":{"start":{"line":166,"column":37},"end":{"line":170,"column":5}}},"16":{"name":"(anonymous_18)","decl":{"start":{"line":172,"column":33},"end":{"line":172,"column":34}},"loc":{"start":{"line":172,"column":34},"end":{"line":179,"column":5}}},"17":{"name":"(anonymous_19)","decl":{"start":{"line":181,"column":26},"end":{"line":181,"column":27}},"loc":{"start":{"line":181,"column":27},"end":{"line":186,"column":null}}},"18":{"name":"(anonymous_20)","decl":{"start":{"line":188,"column":22},"end":{"line":188,"column":23}},"loc":{"start":{"line":188,"column":23},"end":{"line":197,"column":null}}},"19":{"name":"(anonymous_21)","decl":{"start":{"line":199,"column":25},"end":{"line":199,"column":26}},"loc":{"start":{"line":199,"column":26},"end":{"line":206,"column":null}}},"20":{"name":"(anonymous_22)","decl":{"start":{"line":217,"column":17},"end":{"line":217,"column":23}},"loc":{"start":{"line":217,"column":23},"end":{"line":217,"column":null}}},"21":{"name":"(anonymous_23)","decl":{"start":{"line":238,"column":34},"end":{"line":238,"column":42}},"loc":{"start":{"line":238,"column":42},"end":{"line":238,"column":52}}},"22":{"name":"(anonymous_24)","decl":{"start":{"line":250,"column":23},"end":{"line":250,"column":29}},"loc":{"start":{"line":250,"column":29},"end":{"line":250,"column":null}}},"23":{"name":"(anonymous_25)","decl":{"start":{"line":257,"column":21},"end":{"line":257,"column":22}},"loc":{"start":{"line":258,"column":12},"end":{"line":258,"column":45}}},"24":{"name":"(anonymous_26)","decl":{"start":{"line":291,"column":29},"end":{"line":291,"column":35}},"loc":{"start":{"line":291,"column":35},"end":{"line":291,"column":null}}},"25":{"name":"(anonymous_27)","decl":{"start":{"line":309,"column":49},"end":{"line":309,"column":54}},"loc":{"start":{"line":309,"column":54},"end":{"line":309,"column":81}}}},"branchMap":{"0":{"loc":{"start":{"line":29,"column":2},"end":{"line":29,"column":14}},"type":"default-arg","locations":[{"start":{"line":29,"column":13},"end":{"line":29,"column":14}}]},"1":{"loc":{"start":{"line":30,"column":2},"end":{"line":30,"column":14}},"type":"default-arg","locations":[{"start":{"line":30,"column":12},"end":{"line":30,"column":14}}]},"2":{"loc":{"start":{"line":31,"column":2},"end":{"line":31,"column":null}},"type":"default-arg","locations":[{"start":{"line":31,"column":18},"end":{"line":31,"column":null}}]},"3":{"loc":{"start":{"line":32,"column":2},"end":{"line":32,"column":18}},"type":"default-arg","locations":[{"start":{"line":32,"column":13},"end":{"line":32,"column":18}}]},"4":{"loc":{"start":{"line":33,"column":2},"end":{"line":33,"column":16}},"type":"default-arg","locations":[{"start":{"line":33,"column":14},"end":{"line":33,"column":16}}]},"5":{"loc":{"start":{"line":34,"column":2},"end":{"line":34,"column":16}},"type":"default-arg","locations":[{"start":{"line":34,"column":10},"end":{"line":34,"column":16}}]},"6":{"loc":{"start":{"line":43,"column":4},"end":{"line":45,"column":null}},"type":"if","locations":[{"start":{"line":43,"column":4},"end":{"line":45,"column":null}}]},"7":{"loc":{"start":{"line":49,"column":4},"end":{"line":51,"column":null}},"type":"if","locations":[{"start":{"line":49,"column":4},"end":{"line":51,"column":null}}]},"8":{"loc":{"start":{"line":49,"column":8},"end":{"line":49,"column":58}},"type":"binary-expr","locations":[{"start":{"line":49,"column":8},"end":{"line":49,"column":22}},{"start":{"line":49,"column":22},"end":{"line":49,"column":58}}]},"9":{"loc":{"start":{"line":58,"column":6},"end":{"line":64,"column":null}},"type":"if","locations":[{"start":{"line":58,"column":6},"end":{"line":64,"column":null}},{"start":{"line":62,"column":13},"end":{"line":64,"column":null}}]},"10":{"loc":{"start":{"line":69,"column":4},"end":{"line":72,"column":null}},"type":"if","locations":[{"start":{"line":69,"column":4},"end":{"line":72,"column":null}}]},"11":{"loc":{"start":{"line":78,"column":6},"end":{"line":81,"column":null}},"type":"if","locations":[{"start":{"line":78,"column":6},"end":{"line":81,"column":null}}]},"12":{"loc":{"start":{"line":101,"column":4},"end":{"line":104,"column":null}},"type":"if","locations":[{"start":{"line":101,"column":4},"end":{"line":104,"column":null}}]},"13":{"loc":{"start":{"line":112,"column":8},"end":{"line":112,"column":null}},"type":"if","locations":[{"start":{"line":112,"column":8},"end":{"line":112,"column":null}}]},"14":{"loc":{"start":{"line":143,"column":19},"end":{"line":143,"column":null}},"type":"binary-expr","locations":[{"start":{"line":143,"column":19},"end":{"line":143,"column":32}},{"start":{"line":143,"column":36},"end":{"line":143,"column":null}}]},"15":{"loc":{"start":{"line":182,"column":4},"end":{"line":185,"column":null}},"type":"if","locations":[{"start":{"line":182,"column":4},"end":{"line":185,"column":null}}]},"16":{"loc":{"start":{"line":190,"column":4},"end":{"line":196,"column":null}},"type":"switch","locations":[{"start":{"line":191,"column":6},"end":{"line":191,"column":null}},{"start":{"line":192,"column":6},"end":{"line":192,"column":null}},{"start":{"line":193,"column":6},"end":{"line":193,"column":null}},{"start":{"line":194,"column":6},"end":{"line":194,"column":null}},{"start":{"line":195,"column":6},"end":{"line":195,"column":null}}]},"17":{"loc":{"start":{"line":200,"column":4},"end":{"line":205,"column":null}},"type":"switch","locations":[{"start":{"line":201,"column":6},"end":{"line":201,"column":null}},{"start":{"line":202,"column":6},"end":{"line":202,"column":null}},{"start":{"line":203,"column":6},"end":{"line":203,"column":null}},{"start":{"line":204,"column":6},"end":{"line":204,"column":null}}]},"18":{"loc":{"start":{"line":209,"column":72},"end":{"line":209,"column":99}},"type":"cond-expr","locations":[{"start":{"line":209,"column":83},"end":{"line":209,"column":96}},{"start":{"line":209,"column":96},"end":{"line":209,"column":99}}]},"19":{"loc":{"start":{"line":217,"column":23},"end":{"line":217,"column":null}},"type":"binary-expr","locations":[{"start":{"line":217,"column":23},"end":{"line":217,"column":36}},{"start":{"line":217,"column":36},"end":{"line":217,"column":null}}]},"20":{"loc":{"start":{"line":212,"column":34},"end":{"line":212,"column":61}},"type":"cond-expr","locations":[{"start":{"line":212,"column":47},"end":{"line":212,"column":58}},{"start":{"line":212,"column":58},"end":{"line":212,"column":61}}]},"21":{"loc":{"start":{"line":244,"column":7},"end":{"line":244,"column":null}},"type":"binary-expr","locations":[{"start":{"line":244,"column":7},"end":{"line":244,"column":null}}]},"22":{"loc":{"start":{"line":251,"column":24},"end":{"line":251,"column":null}},"type":"binary-expr","locations":[{"start":{"line":251,"column":24},"end":{"line":251,"column":39}},{"start":{"line":251,"column":39},"end":{"line":251,"column":null}}]},"23":{"loc":{"start":{"line":270,"column":17},"end":{"line":270,"column":null}},"type":"binary-expr","locations":[{"start":{"line":270,"column":17},"end":{"line":270,"column":null}}]},"24":{"loc":{"start":{"line":280,"column":17},"end":{"line":280,"column":null}},"type":"binary-expr","locations":[{"start":{"line":280,"column":17},"end":{"line":280,"column":null}}]},"25":{"loc":{"start":{"line":284,"column":17},"end":{"line":284,"column":null}},"type":"binary-expr","locations":[{"start":{"line":284,"column":17},"end":{"line":284,"column":null}}]},"26":{"loc":{"start":{"line":288,"column":17},"end":{"line":288,"column":null}},"type":"binary-expr","locations":[{"start":{"line":288,"column":17},"end":{"line":288,"column":null}}]},"27":{"loc":{"start":{"line":292,"column":30},"end":{"line":292,"column":null}},"type":"binary-expr","locations":[{"start":{"line":292,"column":30},"end":{"line":292,"column":45}},{"start":{"line":292,"column":45},"end":{"line":292,"column":null}}]},"28":{"loc":{"start":{"line":304,"column":7},"end":{"line":304,"column":null}},"type":"binary-expr","locations":[{"start":{"line":304,"column":7},"end":{"line":304,"column":null}}]},"29":{"loc":{"start":{"line":309,"column":22},"end":{"line":309,"column":null}},"type":"binary-expr","locations":[{"start":{"line":309,"column":22},"end":{"line":309,"column":37}},{"start":{"line":309,"column":37},"end":{"line":309,"column":81}},{"start":{"line":309,"column":81},"end":{"line":309,"column":null}}]},"30":{"loc":{"start":{"line":311,"column":13},"end":{"line":311,"column":null}},"type":"cond-expr","locations":[{"start":{"line":311,"column":27},"end":{"line":311,"column":38}},{"start":{"line":311,"column":38},"end":{"line":311,"column":null}}]}},"s":{"0":0,"1":0,"2":0,"3":0,"4":0,"5":0,"6":0,"7":0,"8":0,"9":0,"10":0,"11":0,"12":0,"13":0,"14":0,"15":0,"16":0,"17":0,"18":0,"19":0,"20":0,"21":0,"22":0,"23":0,"24":0,"25":0,"26":0,"27":0,"28":0,"29":0,"30":0,"31":0,"32":0,"33":0,"34":0,"35":0,"36":0,"37":0,"38":0,"39":0,"40":0,"41":0,"42":0,"43":0,"44":0,"45":0,"46":0,"47":0,"48":0,"49":0,"50":0,"51":0,"52":0,"53":0,"54":0,"55":0,"56":0,"57":0,"58":0,"59":0,"60":0,"61":0,"62":0,"63":0,"64":0,"65":0,"66":0,"67":0,"68":0,"69":0,"70":0,"71":0,"72":0,"73":0,"74":0,"75":0,"76":0,"77":0,"78":0,"79":0,"80":0,"81":0,"82":0,"83":0,"84":0,"85":0,"86":0,"87":0,"88":0,"89":0,"90":0,"91":0,"92":0,"93":0,"94":0,"95":0,"96":0,"97":0,"98":0,"99":0,"100":0,"101":0,"102":0,"103":0,"104":0,"105":0,"106":0},"f":{"0":0,"1":0,"2":0,"3":0,"4":0,"5":0,"6":0,"7":0,"8":0,"9":0,"10":0,"11":0,"12":0,"13":0,"14":0,"15":0,"16":0,"17":0,"18":0,"19":0,"20":0,"21":0,"22":0,"23":0,"24":0,"25":0},"b":{"0":[0],"1":[0],"2":[0],"3":[0],"4":[0],"5":[0],"6":[0],"7":[0],"8":[0,0],"9":[0,0],"10":[0],"11":[0],"12":[0],"13":[0],"14":[0,0],"15":[0],"16":[0,0,0,0,0],"17":[0,0,0,0],"18":[0,0],"19":[0,0],"20":[0,0],"21":[0],"22":[0,0],"23":[0],"24":[0],"25":[0],"26":[0],"27":[0,0],"28":[0],"29":[0,0,0],"30":[0,0]}}
,"D:\\AI_analyst\\frontend\\components\\EnhancedProgress.tsx": {"path":"D:\\AI_analyst\\frontend\\components\\EnhancedProgress.tsx","statementMap":{"0":{"start":{"line":32,"column":24},"end":{"line":32,"column":41}},"1":{"start":{"line":3,"column":36},"end":{"line":3,"column":null}},"2":{"start":{"line":4,"column":40},"end":{"line":4,"column":null}},"3":{"start":{"line":45,"column":40},"end":{"line":45,"column":null}},"4":{"start":{"line":46,"column":62},"end":{"line":46,"column":null}},"5":{"start":{"line":47,"column":50},"end":{"line":47,"column":null}},"6":{"start":{"line":48,"column":46},"end":{"line":48,"column":null}},"7":{"start":{"line":50,"column":2},"end":{"line":55,"column":null}},"8":{"start":{"line":51,"column":18},"end":{"line":53,"column":null}},"9":{"start":{"line":52,"column":6},"end":{"line":52,"column":null}},"10":{"start":{"line":54,"column":4},"end":{"line":54,"column":null}},"11":{"start":{"line":54,"column":17},"end":{"line":54,"column":null}},"12":{"start":{"line":57,"column":2},"end":{"line":80,"column":null}},"13":{"start":{"line":60,"column":4},"end":{"line":75,"column":null}},"14":{"start":{"line":61,"column":24},"end":{"line":61,"column":null}},"15":{"start":{"line":62,"column":6},"end":{"line":72,"column":null}},"16":{"start":{"line":63,"column":24},"end":{"line":63,"column":null}},"17":{"start":{"line":64,"column":8},"end":{"line":64,"column":null}},"18":{"start":{"line":67,"column":8},"end":{"line":71,"column":null}},"19":{"start":{"line":68,"column":33},"end":{"line":68,"column":null}},"20":{"start":{"line":69,"column":28},"end":{"line":69,"column":null}},"21":{"start":{"line":70,"column":10},"end":{"line":70,"column":null}},"22":{"start":{"line":74,"column":6},"end":{"line":74,"column":null}},"23":{"start":{"line":77,"column":4},"end":{"line":79,"column":null}},"24":{"start":{"line":78,"column":6},"end":{"line":78,"column":null}},"25":{"start":{"line":78,"column":20},"end":{"line":78,"column":null}},"26":{"start":{"line":82,"column":21},"end":{"line":86,"column":null}},"27":{"start":{"line":83,"column":17},"end":{"line":83,"column":null}},"28":{"start":{"line":84,"column":17},"end":{"line":84,"column":null}},"29":{"start":{"line":85,"column":4},"end":{"line":85,"column":null}},"30":{"start":{"line":88,"column":22},"end":{"line":158,"column":null}},"31":{"start":{"line":89,"column":4},"end":{"line":157,"column":null}},"32":{"start":{"line":160,"column":29},"end":{"line":167,"column":null}},"33":{"start":{"line":161,"column":4},"end":{"line":166,"column":null}},"34":{"start":{"line":162,"column":24},"end":{"line":162,"column":null}},"35":{"start":{"line":163,"column":20},"end":{"line":163,"column":null}},"36":{"start":{"line":164,"column":22},"end":{"line":164,"column":null}},"37":{"start":{"line":165,"column":15},"end":{"line":165,"column":null}},"38":{"start":{"line":169,"column":25},"end":{"line":169,"column":81}},"39":{"start":{"line":169,"column":46},"end":{"line":169,"column":75}},"40":{"start":{"line":170,"column":21},"end":{"line":170,"column":33}},"41":{"start":{"line":171,"column":26},"end":{"line":171,"column":null}},"42":{"start":{"line":171,"column":45},"end":{"line":171,"column":null}},"43":{"start":{"line":283,"column":29},"end":{"line":283,"column":null}},"44":{"start":{"line":301,"column":18},"end":{"line":302,"column":null}}},"fnMap":{"0":{"name":"EnhancedProgress","decl":{"start":{"line":32,"column":24},"end":{"line":32,"column":41}},"loc":{"start":{"line":44,"column":24},"end":{"line":988,"column":null}}},"1":{"name":"(anonymous_3)","decl":{"start":{"line":50,"column":12},"end":{"line":50,"column":null}},"loc":{"start":{"line":50,"column":12},"end":{"line":55,"column":5}}},"2":{"name":"(anonymous_4)","decl":{"start":{"line":51,"column":29},"end":{"line":51,"column":null}},"loc":{"start":{"line":51,"column":29},"end":{"line":53,"column":7}}},"3":{"name":"(anonymous_5)","decl":{"start":{"line":54,"column":11},"end":{"line":54,"column":17}},"loc":{"start":{"line":54,"column":17},"end":{"line":54,"column":null}}},"4":{"name":"(anonymous_6)","decl":{"start":{"line":57,"column":12},"end":{"line":57,"column":null}},"loc":{"start":{"line":57,"column":12},"end":{"line":80,"column":5}}},"5":{"name":"(anonymous_7)","decl":{"start":{"line":62,"column":29},"end":{"line":62,"column":null}},"loc":{"start":{"line":62,"column":29},"end":{"line":72,"column":9}}},"6":{"name":"(anonymous_8)","decl":{"start":{"line":77,"column":11},"end":{"line":77,"column":null}},"loc":{"start":{"line":77,"column":11},"end":{"line":79,"column":null}}},"7":{"name":"(anonymous_9)","decl":{"start":{"line":82,"column":21},"end":{"line":82,"column":22}},"loc":{"start":{"line":82,"column":22},"end":{"line":86,"column":null}}},"8":{"name":"(anonymous_10)","decl":{"start":{"line":88,"column":22},"end":{"line":88,"column":23}},"loc":{"start":{"line":88,"column":39},"end":{"line":158,"column":null}}},"9":{"name":"(anonymous_11)","decl":{"start":{"line":160,"column":29},"end":{"line":160,"column":30}},"loc":{"start":{"line":160,"column":30},"end":{"line":167,"column":null}}},"10":{"name":"(anonymous_12)","decl":{"start":{"line":169,"column":38},"end":{"line":169,"column":46}},"loc":{"start":{"line":169,"column":46},"end":{"line":169,"column":75}}},"11":{"name":"(anonymous_13)","decl":{"start":{"line":171,"column":37},"end":{"line":171,"column":45}},"loc":{"start":{"line":171,"column":45},"end":{"line":171,"column":null}}},"12":{"name":"(anonymous_14)","decl":{"start":{"line":283,"column":23},"end":{"line":283,"column":29}},"loc":{"start":{"line":283,"column":29},"end":{"line":283,"column":null}}},"13":{"name":"(anonymous_15)","decl":{"start":{"line":300,"column":27},"end":{"line":300,"column":28}},"loc":{"start":{"line":301,"column":18},"end":{"line":302,"column":null}}}},"branchMap":{"0":{"loc":{"start":{"line":38,"column":2},"end":{"line":38,"column":25}},"type":"default-arg","locations":[{"start":{"line":38,"column":21},"end":{"line":38,"column":25}}]},"1":{"loc":{"start":{"line":39,"column":2},"end":{"line":39,"column":26}},"type":"default-arg","locations":[{"start":{"line":39,"column":22},"end":{"line":39,"column":26}}]},"2":{"loc":{"start":{"line":40,"column":2},"end":{"line":40,"column":16}},"type":"default-arg","locations":[{"start":{"line":40,"column":10},"end":{"line":40,"column":16}}]},"3":{"loc":{"start":{"line":41,"column":2},"end":{"line":41,"column":13}},"type":"default-arg","locations":[{"start":{"line":41,"column":9},"end":{"line":41,"column":13}}]},"4":{"loc":{"start":{"line":42,"column":2},"end":{"line":42,"column":21}},"type":"default-arg","locations":[{"start":{"line":42,"column":12},"end":{"line":42,"column":21}}]},"5":{"loc":{"start":{"line":43,"column":2},"end":{"line":43,"column":16}},"type":"default-arg","locations":[{"start":{"line":43,"column":14},"end":{"line":43,"column":16}}]},"6":{"loc":{"start":{"line":60,"column":4},"end":{"line":75,"column":null}},"type":"if","locations":[{"start":{"line":60,"column":4},"end":{"line":75,"column":null}},{"start":{"line":73,"column":11},"end":{"line":75,"column":null}}]},"7":{"loc":{"start":{"line":67,"column":8},"end":{"line":71,"column":null}},"type":"if","locations":[{"start":{"line":67,"column":8},"end":{"line":71,"column":null}}]},"8":{"loc":{"start":{"line":67,"column":12},"end":{"line":67,"column":58}},"type":"binary-expr","locations":[{"start":{"line":67,"column":12},"end":{"line":67,"column":35}},{"start":{"line":67,"column":35},"end":{"line":67,"column":58}}]},"9":{"loc":{"start":{"line":78,"column":6},"end":{"line":78,"column":null}},"type":"if","locations":[{"start":{"line":78,"column":6},"end":{"line":78,"column":null}}]},"10":{"loc":{"start":{"line":161,"column":4},"end":{"line":166,"column":null}},"type":"switch","locations":[{"start":{"line":162,"column":6},"end":{"line":162,"column":null}},{"start":{"line":163,"column":6},"end":{"line":163,"column":null}},{"start":{"line":164,"column":6},"end":{"line":164,"column":null}},{"start":{"line":165,"column":6},"end":{"line":165,"column":null}}]},"11":{"loc":{"start":{"line":188,"column":11},"end":{"line":188,"column":null}},"type":"binary-expr","locations":[{"start":{"line":188,"column":11},"end":{"line":188,"column":null}}]},"12":{"loc":{"start":{"line":191,"column":15},"end":{"line":191,"column":null}},"type":"binary-expr","locations":[{"start":{"line":191,"column":15},"end":{"line":191,"column":null}}]},"13":{"loc":{"start":{"line":198,"column":9},"end":{"line":198,"column":21}},"type":"binary-expr","locations":[{"start":{"line":198,"column":9},"end":{"line":198,"column":21}},{"start":{"line":198,"column":21},"end":{"line":198,"column":null}}]},"14":{"loc":{"start":{"line":224,"column":7},"end":{"line":224,"column":null}},"type":"binary-expr","locations":[{"start":{"line":224,"column":7},"end":{"line":224,"column":null}}]},"15":{"loc":{"start":{"line":252,"column":11},"end":{"line":252,"column":53}},"type":"binary-expr","locations":[{"start":{"line":252,"column":11},"end":{"line":252,"column":53}},{"start":{"line":252,"column":53},"end":{"line":252,"column":null}}]},"16":{"loc":{"start":{"line":277,"column":7},"end":{"line":277,"column":null}},"type":"binary-expr","locations":[{"start":{"line":277,"column":7},"end":{"line":277,"column":null}}]},"17":{"loc":{"start":{"line":284,"column":33},"end":{"line":284,"column":58}},"type":"cond-expr","locations":[{"start":{"line":284,"column":50},"end":{"line":284,"column":56}},{"start":{"line":284,"column":56},"end":{"line":284,"column":58}}]},"18":{"loc":{"start":{"line":292,"column":13},"end":{"line":292,"column":null}},"type":"binary-expr","locations":[{"start":{"line":292,"column":13},"end":{"line":292,"column":null}}]},"19":{"loc":{"start":{"line":303,"column":79},"end":{"line":303,"column":120}},"type":"cond-expr","locations":[{"start":{"line":303,"column":105},"end":{"line":303,"column":117}},{"start":{"line":303,"column":117},"end":{"line":303,"column":120}}]},"20":{"loc":{"start":{"line":322,"column":23},"end":{"line":322,"column":null}},"type":"binary-expr","locations":[{"start":{"line":322,"column":23},"end":{"line":322,"column":null}}]},"21":{"loc":{"start":{"line":328,"column":38},"end":{"line":328,"column":null}},"type":"cond-expr","locations":[{"start":{"line":328,"column":68},"end":{"line":328,"column":72}},{"start":{"line":328,"column":72},"end":{"line":328,"column":null}}]},"22":{"loc":{"start":{"line":341,"column":27},"end":{"line":341,"column":56}},"type":"binary-expr","locations":[{"start":{"line":341,"column":27},"end":{"line":341,"column":56}},{"start":{"line":341,"column":56},"end":{"line":341,"column":null}}]},"23":{"loc":{"start":{"line":351,"column":27},"end":{"line":351,"column":58}},"type":"binary-expr","locations":[{"start":{"line":351,"column":27},"end":{"line":351,"column":58}},{"start":{"line":351,"column":58},"end":{"line":351,"column":70}},{"start":{"line":351,"column":74},"end":{"line":351,"column":88}}]},"24":{"loc":{"start":{"line":361,"column":23},"end":{"line":361,"column":33}},"type":"binary-expr","locations":[{"start":{"line":361,"column":23},"end":{"line":361,"column":33}}]},"25":{"loc":{"start":{"line":373,"column":24},"end":{"line":373,"column":38}},"type":"binary-expr","locations":[{"start":{"line":373,"column":24},"end":{"line":373,"column":38}},{"start":{"line":373,"column":42},"end":{"line":373,"column":53}}]},"26":{"loc":{"start":{"line":375,"column":27},"end":{"line":375,"column":41}},"type":"binary-expr","locations":[{"start":{"line":375,"column":27},"end":{"line":375,"column":41}}]},"27":{"loc":{"start":{"line":378,"column":27},"end":{"line":378,"column":39}},"type":"binary-expr","locations":[{"start":{"line":378,"column":27},"end":{"line":378,"column":39}}]}},"s":{"0":0,"1":0,"2":0,"3":0,"4":0,"5":0,"6":0,"7":0,"8":0,"9":0,"10":0,"11":0,"12":0,"13":0,"14":0,"15":0,"16":0,"17":0,"18":0,"19":0,"20":0,"21":0,"22":0,"23":0,"24":0,"25":0,"26":0,"27":0,"28":0,"29":0,"30":0,"31":0,"32":0,"33":0,"34":0,"35":0,"36":0,"37":0,"38":0,"39":0,"40":0,"41":0,"42":0,"43":0,"44":0},"f":{"0":0,"1":0,"2":0,"3":0,"4":0,"5":0,"6":0,"7":0,"8":0,"9":0,"10":0,"11":0,"12":0,"13":0},"b":{"0":[0],"1":[0],"2":[0],"3":[0],"4":[0],"5":[0],"6":[0,0],"7":[0],"8":[0,0],"9":[0],"10":[0,0,0,0],"11":[0],"12":[0],"13":[0,0],"14":[0],"15":[0,0],"16":[0],"17":[0,0],"18":[0],"19":[0,0],"20":[0],"21":[0,0],"22":[0,0],"23":[0,0,0],"24":[0],"25":[0,0],"26":[0],"27":[0]}}
,"D:\\AI_analyst\\frontend\\components\\EnhancedReportViewer.tsx": {"path":"D:\\AI_analyst\\frontend\\components\\EnhancedReportViewer.tsx","statementMap":{"0":{"start":{"line":28,"column":24},"end":{"line":28,"column":45}},"1":{"start":{"line":3,"column":44},"end":{"line":3,"column":null}},"2":{"start":{"line":4,"column":40},"end":{"line":4,"column":null}},"3":{"start":{"line":41,"column":34},"end":{"line":41,"column":null}},"4":{"start":{"line":42,"column":44},"end":{"line":42,"column":null}},"5":{"start":{"line":43,"column":38},"end":{"line":43,"column":null}},"6":{"start":{"line":44,"column":44},"end":{"line":44,"column":null}},"7":{"start":{"line":45,"column":54},"end":{"line":45,"column":null}},"8":{"start":{"line":46,"column":32},"end":{"line":46,"column":null}},"9":{"start":{"line":47,"column":34},"end":{"line":47,"column":null}},"10":{"start":{"line":48,"column":21},"end":{"line":48,"column":null}},"11":{"start":{"line":49,"column":25},"end":{"line":49,"column":null}},"12":{"start":{"line":52,"column":2},"end":{"line":98,"column":null}},"13":{"start":{"line":53,"column":4},"end":{"line":53,"column":null}},"14":{"start":{"line":53,"column":18},"end":{"line":53,"column":null}},"15":{"start":{"line":55,"column":18},"end":{"line":55,"column":null}},"16":{"start":{"line":56,"column":44},"end":{"line":56,"column":46}},"17":{"start":{"line":57,"column":47},"end":{"line":57,"column":null}},"18":{"start":{"line":58,"column":35},"end":{"line":58,"column":37}},"19":{"start":{"line":60,"column":4},"end":{"line":86,"column":null}},"20":{"start":{"line":61,"column":26},"end":{"line":61,"column":null}},"21":{"start":{"line":64,"column":27},"end":{"line":64,"column":null}},"22":{"start":{"line":66,"column":6},"end":{"line":85,"column":null}},"23":{"start":{"line":68,"column":8},"end":{"line":71,"column":null}},"24":{"start":{"line":69,"column":10},"end":{"line":69,"column":null}},"25":{"start":{"line":70,"column":10},"end":{"line":70,"column":null}},"26":{"start":{"line":74,"column":22},"end":{"line":74,"column":44}},"27":{"start":{"line":75,"column":29},"end":{"line":75,"column":44}},"28":{"start":{"line":76,"column":8},"end":{"line":81,"column":null}},"29":{"start":{"line":82,"column":8},"end":{"line":82,"column":null}},"30":{"start":{"line":84,"column":8},"end":{"line":84,"column":null}},"31":{"start":{"line":89,"column":4},"end":{"line":92,"column":null}},"32":{"start":{"line":90,"column":6},"end":{"line":90,"column":null}},"33":{"start":{"line":91,"column":6},"end":{"line":91,"column":null}},"34":{"start":{"line":94,"column":4},"end":{"line":94,"column":null}},"35":{"start":{"line":95,"column":4},"end":{"line":97,"column":null}},"36":{"start":{"line":96,"column":6},"end":{"line":96,"column":null}},"37":{"start":{"line":101,"column":2},"end":{"line":115,"column":null}},"38":{"start":{"line":102,"column":4},"end":{"line":106,"column":null}},"39":{"start":{"line":103,"column":6},"end":{"line":103,"column":null}},"40":{"start":{"line":104,"column":6},"end":{"line":104,"column":null}},"41":{"start":{"line":105,"column":6},"end":{"line":105,"column":null}},"42":{"start":{"line":108,"column":27},"end":{"line":108,"column":45}},"43":{"start":{"line":109,"column":24},"end":{"line":109,"column":null}},"44":{"start":{"line":110,"column":18},"end":{"line":110,"column":null}},"45":{"start":{"line":111,"column":20},"end":{"line":111,"column":null}},"46":{"start":{"line":113,"column":4},"end":{"line":113,"column":null}},"47":{"start":{"line":113,"column":42},"end":{"line":113,"column":null}},"48":{"start":{"line":114,"column":4},"end":{"line":114,"column":null}},"49":{"start":{"line":118,"column":30},"end":{"line":123,"column":null}},"50":{"start":{"line":119,"column":4},"end":{"line":119,"column":null}},"51":{"start":{"line":119,"column":21},"end":{"line":119,"column":null}},"52":{"start":{"line":121,"column":18},"end":{"line":121,"column":null}},"53":{"start":{"line":122,"column":4},"end":{"line":122,"column":null}},"54":{"start":{"line":126,"column":26},"end":{"line":132,"column":null}},"55":{"start":{"line":127,"column":20},"end":{"line":127,"column":null}},"56":{"start":{"line":128,"column":4},"end":{"line":131,"column":null}},"57":{"start":{"line":129,"column":6},"end":{"line":129,"column":null}},"58":{"start":{"line":130,"column":6},"end":{"line":130,"column":null}},"59":{"start":{"line":135,"column":25},"end":{"line":154,"column":null}},"60":{"start":{"line":136,"column":4},"end":{"line":136,"column":null}},"61":{"start":{"line":136,"column":36},"end":{"line":136,"column":null}},"62":{"start":{"line":138,"column":19},"end":{"line":138,"column":null}},"63":{"start":{"line":139,"column":4},"end":{"line":143,"column":null}},"64":{"start":{"line":140,"column":6},"end":{"line":140,"column":null}},"65":{"start":{"line":142,"column":6},"end":{"line":142,"column":null}},"66":{"start":{"line":145,"column":4},"end":{"line":145,"column":null}},"67":{"start":{"line":148,"column":4},"end":{"line":153,"column":null}},"68":{"start":{"line":149,"column":29},"end":{"line":149,"column":null}},"69":{"start":{"line":150,"column":6},"end":{"line":152,"column":null}},"70":{"start":{"line":151,"column":8},"end":{"line":151,"column":null}},"71":{"start":{"line":157,"column":23},"end":{"line":172,"column":null}},"72":{"start":{"line":158,"column":4},"end":{"line":171,"column":null}},"73":{"start":{"line":159,"column":6},"end":{"line":159,"column":null}},"74":{"start":{"line":162,"column":19},"end":{"line":162,"column":null}},"75":{"start":{"line":163,"column":18},"end":{"line":163,"column":null}},"76":{"start":{"line":164,"column":16},"end":{"line":164,"column":null}},"77":{"start":{"line":165,"column":6},"end":{"line":165,"column":null}},"78":{"start":{"line":166,"column":6},"end":{"line":166,"column":null}},"79":{"start":{"line":167,"column":6},"end":{"line":167,"column":null}},"80":{"start":{"line":168,"column":6},"end":{"line":168,"column":null}},"81":{"start":{"line":169,"column":6},"end":{"line":169,"column":null}},"82":{"start":{"line":170,"column":6},"end":{"line":170,"column":null}},"83":{"start":{"line":175,"column":2},"end":{"line":215,"column":null}},"84":{"start":{"line":176,"column":26},"end":{"line":211,"column":null}},"85":{"start":{"line":177,"column":6},"end":{"line":177,"column":null}},"86":{"start":{"line":177,"column":19},"end":{"line":177,"column":null}},"87":{"start":{"line":179,"column":6},"end":{"line":199,"column":null}},"88":{"start":{"line":180,"column":8},"end":{"line":198,"column":null}},"89":{"start":{"line":182,"column":12},"end":{"line":182,"column":null}},"90":{"start":{"line":183,"column":12},"end":{"line":183,"column":null}},"91":{"start":{"line":184,"column":12},"end":{"line":184,"column":null}},"92":{"start":{"line":187,"column":12},"end":{"line":187,"column":null}},"93":{"start":{"line":188,"column":12},"end":{"line":188,"column":null}},"94":{"start":{"line":188,"column":32},"end":{"line":188,"column":null}},"95":{"start":{"line":189,"column":12},"end":{"line":189,"column":null}},"96":{"start":{"line":191,"column":12},"end":{"line":191,"column":null}},"97":{"start":{"line":192,"column":12},"end":{"line":192,"column":null}},"98":{"start":{"line":192,"column":32},"end":{"line":192,"column":null}},"99":{"start":{"line":193,"column":12},"end":{"line":193,"column":null}},"100":{"start":{"line":195,"column":12},"end":{"line":195,"column":null}},"101":{"start":{"line":196,"column":12},"end":{"line":196,"column":null}},"102":{"start":{"line":197,"column":12},"end":{"line":197,"column":null}},"103":{"start":{"line":201,"column":6},"end":{"line":203,"column":null}},"104":{"start":{"line":202,"column":8},"end":{"line":202,"column":null}},"105":{"start":{"line":205,"column":6},"end":{"line":210,"column":null}},"106":{"start":{"line":206,"column":8},"end":{"line":209,"column":null}},"107":{"start":{"line":207,"column":10},"end":{"line":207,"column":null}},"108":{"start":{"line":208,"column":10},"end":{"line":208,"column":null}},"109":{"start":{"line":213,"column":4},"end":{"line":213,"column":null}},"110":{"start":{"line":214,"column":4},"end":{"line":214,"column":null}},"111":{"start":{"line":214,"column":17},"end":{"line":214,"column":null}},"112":{"start":{"line":217,"column":2},"end":{"line":217,"column":null}},"113":{"start":{"line":217,"column":15},"end":{"line":217,"column":null}},"114":{"start":{"line":269,"column":33},"end":{"line":269,"column":null}},"115":{"start":{"line":289,"column":33},"end":{"line":289,"column":null}},"116":{"start":{"line":289,"column":53},"end":{"line":289,"column":null}},"117":{"start":{"line":306,"column":33},"end":{"line":306,"column":null}},"118":{"start":{"line":306,"column":53},"end":{"line":306,"column":null}},"119":{"start":{"line":334,"column":35},"end":{"line":334,"column":null}},"120":{"start":{"line":357,"column":39},"end":{"line":357,"column":null}},"121":{"start":{"line":365,"column":39},"end":{"line":365,"column":null}},"122":{"start":{"line":387,"column":33},"end":{"line":387,"column":null}},"123":{"start":{"line":396,"column":33},"end":{"line":396,"column":null}},"124":{"start":{"line":405,"column":33},"end":{"line":405,"column":null}},"125":{"start":{"line":464,"column":20},"end":{"line":465,"column":null}},"126":{"start":{"line":469,"column":37},"end":{"line":469,"column":null}},"127":{"start":{"line":503,"column":16},"end":{"line":504,"column":null}}},"fnMap":{"0":{"name":"EnhancedReportViewer","decl":{"start":{"line":28,"column":24},"end":{"line":28,"column":45}},"loc":{"start":{"line":40,"column":28},"end":{"line":561,"column":null}}},"1":{"name":"(anonymous_3)","decl":{"start":{"line":52,"column":12},"end":{"line":52,"column":null}},"loc":{"start":{"line":52,"column":12},"end":{"line":98,"column":5}}},"2":{"name":"(anonymous_4)","decl":{"start":{"line":60,"column":18},"end":{"line":60,"column":19}},"loc":{"start":{"line":60,"column":25},"end":{"line":86,"column":null}}},"3":{"name":"(anonymous_5)","decl":{"start":{"line":101,"column":12},"end":{"line":101,"column":null}},"loc":{"start":{"line":101,"column":12},"end":{"line":115,"column":5}}},"4":{"name":"(anonymous_6)","decl":{"start":{"line":113,"column":33},"end":{"line":113,"column":42}},"loc":{"start":{"line":113,"column":42},"end":{"line":113,"column":null}}},"5":{"name":"(anonymous_7)","decl":{"start":{"line":118,"column":30},"end":{"line":118,"column":31}},"loc":{"start":{"line":118,"column":31},"end":{"line":123,"column":null}}},"6":{"name":"(anonymous_8)","decl":{"start":{"line":126,"column":26},"end":{"line":126,"column":27}},"loc":{"start":{"line":126,"column":27},"end":{"line":132,"column":null}}},"7":{"name":"(anonymous_9)","decl":{"start":{"line":135,"column":25},"end":{"line":135,"column":26}},"loc":{"start":{"line":135,"column":26},"end":{"line":154,"column":null}}},"8":{"name":"(anonymous_10)","decl":{"start":{"line":157,"column":23},"end":{"line":157,"column":24}},"loc":{"start":{"line":157,"column":24},"end":{"line":172,"column":null}}},"9":{"name":"(anonymous_11)","decl":{"start":{"line":175,"column":12},"end":{"line":175,"column":null}},"loc":{"start":{"line":175,"column":12},"end":{"line":215,"column":5}}},"10":{"name":"(anonymous_12)","decl":{"start":{"line":176,"column":26},"end":{"line":176,"column":27}},"loc":{"start":{"line":176,"column":27},"end":{"line":211,"column":null}}},"11":{"name":"(anonymous_13)","decl":{"start":{"line":188,"column":24},"end":{"line":188,"column":32}},"loc":{"start":{"line":188,"column":32},"end":{"line":188,"column":null}}},"12":{"name":"(anonymous_14)","decl":{"start":{"line":192,"column":24},"end":{"line":192,"column":32}},"loc":{"start":{"line":192,"column":32},"end":{"line":192,"column":null}}},"13":{"name":"(anonymous_15)","decl":{"start":{"line":214,"column":11},"end":{"line":214,"column":17}},"loc":{"start":{"line":214,"column":17},"end":{"line":214,"column":null}}},"14":{"name":"(anonymous_16)","decl":{"start":{"line":269,"column":27},"end":{"line":269,"column":33}},"loc":{"start":{"line":269,"column":33},"end":{"line":269,"column":null}}},"15":{"name":"(anonymous_17)","decl":{"start":{"line":289,"column":27},"end":{"line":289,"column":33}},"loc":{"start":{"line":289,"column":33},"end":{"line":289,"column":null}}},"16":{"name":"(anonymous_18)","decl":{"start":{"line":289,"column":45},"end":{"line":289,"column":53}},"loc":{"start":{"line":289,"column":53},"end":{"line":289,"column":null}}},"17":{"name":"(anonymous_19)","decl":{"start":{"line":306,"column":27},"end":{"line":306,"column":33}},"loc":{"start":{"line":306,"column":33},"end":{"line":306,"column":null}}},"18":{"name":"(anonymous_20)","decl":{"start":{"line":306,"column":45},"end":{"line":306,"column":53}},"loc":{"start":{"line":306,"column":53},"end":{"line":306,"column":null}}},"19":{"name":"(anonymous_21)","decl":{"start":{"line":334,"column":28},"end":{"line":334,"column":29}},"loc":{"start":{"line":334,"column":35},"end":{"line":334,"column":null}}},"20":{"name":"(anonymous_22)","decl":{"start":{"line":357,"column":33},"end":{"line":357,"column":39}},"loc":{"start":{"line":357,"column":39},"end":{"line":357,"column":null}}},"21":{"name":"(anonymous_23)","decl":{"start":{"line":365,"column":33},"end":{"line":365,"column":39}},"loc":{"start":{"line":365,"column":39},"end":{"line":365,"column":null}}},"22":{"name":"(anonymous_24)","decl":{"start":{"line":387,"column":27},"end":{"line":387,"column":33}},"loc":{"start":{"line":387,"column":33},"end":{"line":387,"column":null}}},"23":{"name":"(anonymous_25)","decl":{"start":{"line":396,"column":27},"end":{"line":396,"column":33}},"loc":{"start":{"line":396,"column":33},"end":{"line":396,"column":null}}},"24":{"name":"(anonymous_26)","decl":{"start":{"line":405,"column":27},"end":{"line":405,"column":33}},"loc":{"start":{"line":405,"column":33},"end":{"line":405,"column":null}}},"25":{"name":"(anonymous_27)","decl":{"start":{"line":463,"column":32},"end":{"line":463,"column":33}},"loc":{"start":{"line":464,"column":20},"end":{"line":465,"column":null}}},"26":{"name":"(anonymous_28)","decl":{"start":{"line":469,"column":31},"end":{"line":469,"column":37}},"loc":{"start":{"line":469,"column":37},"end":{"line":469,"column":null}}},"27":{"name":"(anonymous_29)","decl":{"start":{"line":502,"column":27},"end":{"line":502,"column":28}},"loc":{"start":{"line":503,"column":16},"end":{"line":504,"column":null}}},"28":{"name":"ReportViewerStyles","decl":{"start":{"line":564,"column":9},"end":{"line":564,"column":null}},"loc":{"start":{"line":564,"column":9},"end":{"line":951,"column":null}}}},"branchMap":{"0":{"loc":{"start":{"line":34,"column":2},"end":{"line":34,"column":28}},"type":"default-arg","locations":[{"start":{"line":34,"column":24},"end":{"line":34,"column":28}}]},"1":{"loc":{"start":{"line":35,"column":2},"end":{"line":35,"column":20}},"type":"default-arg","locations":[{"start":{"line":35,"column":16},"end":{"line":35,"column":20}}]},"2":{"loc":{"start":{"line":36,"column":2},"end":{"line":36,"column":16}},"type":"default-arg","locations":[{"start":{"line":36,"column":10},"end":{"line":36,"column":16}}]},"3":{"loc":{"start":{"line":37,"column":2},"end":{"line":37,"column":13}},"type":"default-arg","locations":[{"start":{"line":37,"column":9},"end":{"line":37,"column":13}}]},"4":{"loc":{"start":{"line":38,"column":2},"end":{"line":38,"column":21}},"type":"default-arg","locations":[{"start":{"line":38,"column":12},"end":{"line":38,"column":21}}]},"5":{"loc":{"start":{"line":39,"column":2},"end":{"line":39,"column":16}},"type":"default-arg","locations":[{"start":{"line":39,"column":14},"end":{"line":39,"column":16}}]},"6":{"loc":{"start":{"line":53,"column":4},"end":{"line":53,"column":null}},"type":"if","locations":[{"start":{"line":53,"column":4},"end":{"line":53,"column":null}}]},"7":{"loc":{"start":{"line":66,"column":6},"end":{"line":85,"column":null}},"type":"if","locations":[{"start":{"line":66,"column":6},"end":{"line":85,"column":null}},{"start":{"line":83,"column":13},"end":{"line":85,"column":null}}]},"8":{"loc":{"start":{"line":68,"column":8},"end":{"line":71,"column":null}},"type":"if","locations":[{"start":{"line":68,"column":8},"end":{"line":71,"column":null}}]},"9":{"loc":{"start":{"line":89,"column":4},"end":{"line":92,"column":null}},"type":"if","locations":[{"start":{"line":89,"column":4},"end":{"line":92,"column":null}}]},"10":{"loc":{"start":{"line":95,"column":4},"end":{"line":97,"column":null}},"type":"if","locations":[{"start":{"line":95,"column":4},"end":{"line":97,"column":null}}]},"11":{"loc":{"start":{"line":102,"column":4},"end":{"line":106,"column":null}},"type":"if","locations":[{"start":{"line":102,"column":4},"end":{"line":106,"column":null}}]},"12":{"loc":{"start":{"line":102,"column":8},"end":{"line":102,"column":42}},"type":"binary-expr","locations":[{"start":{"line":102,"column":8},"end":{"line":102,"column":23}},{"start":{"line":102,"column":23},"end":{"line":102,"column":42}}]},"13":{"loc":{"sta
[...]
55,"column":41}},"loc":{"start":{"line":59,"column":24},"end":{"line":478,"column":null}}},"1":{"name":"(anonymous_3)","decl":{"start":{"line":63,"column":12},"end":{"line":63,"column":null}},"loc":{"start":{"line":63,"column":12},"end":{"line":70,"column":5}}},"2":{"name":"(anonymous_4)","decl":{"start":{"line":64,"column":25},"end":{"line":64,"column":null}},"loc":{"start":{"line":64,"column":25},"end":{"line":66,"column":null}}},"3":{"name":"(anonymous_5)","decl":{"start":{"line":69,"column":11},"end":{"line":69,"column":17}},"loc":{"start":{"line":69,"column":17},"end":{"line":69,"column":null}}},"4":{"name":"(anonymous_6)","decl":{"start":{"line":72,"column":21},"end":{"line":72,"column":null}},"loc":{"start":{"line":72,"column":21},"end":{"line":74,"column":null}}},"5":{"name":"(anonymous_7)","decl":{"start":{"line":76,"column":20},"end":{"line":76,"column":null}},"loc":{"start":{"line":76,"column":20},"end":{"line":78,"column":null}}},"6":{"name":"(anonymous_8)","decl":{"start":{"line":102,"column":23},"end":{"line":102,"column":24}},"loc":{"start":{"line":103,"column":14},"end":{"line":104,"column":null}}},"7":{"name":"(anonymous_9)","decl":{"start":{"line":196,"column":29},"end":{"line":196,"column":30}},"loc":{"start":{"line":197,"column":20},"end":{"line":198,"column":null}}}},"branchMap":{"0":{"loc":{"start":{"line":56,"column":2},"end":{"line":56,"column":20}},"type":"default-arg","locations":[{"start":{"line":56,"column":10},"end":{"line":56,"column":20}}]},"1":{"loc":{"start":{"line":57,"column":2},"end":{"line":57,"column":22}},"type":"default-arg","locations":[{"start":{"line":57,"column":10},"end":{"line":57,"column":22}}]},"2":{"loc":{"start":{"line":58,"column":2},"end":{"line":58,"column":16}},"type":"default-arg","locations":[{"start":{"line":58,"column":14},"end":{"line":58,"column":16}}]},"3":{"loc":{"start":{"line":83,"column":40},"end":{"line":83,"column":67}},"type":"cond-expr","locations":[{"start":{"line":83,"column":51},"end":{"line":83,"column":64}},{"start":{"line":83,"column":64},"end":{"line":83,"column":67}}]},"4":{"loc":{"start":{"line":113,"column":17},"end":{"line":113,"column":26}},"type":"binary-expr","locations":[{"start":{"line":113,"column":17},"end":{"line":113,"column":26}}]},"5":{"loc":{"start":{"line":132,"column":25},"end":{"line":132,"column":null}},"type":"cond-expr","locations":[{"start":{"line":132,"column":34},"end":{"line":132,"column":43}},{"start":{"line":132,"column":43},"end":{"line":132,"column":null}}]},"6":{"loc":{"start":{"line":163,"column":9},"end":{"line":163,"column":null}},"type":"binary-expr","locations":[{"start":{"line":163,"column":9},"end":{"line":163,"column":null}}]},"7":{"loc":{"start":{"line":208,"column":23},"end":{"line":208,"column":32}},"type":"binary-expr","locations":[{"start":{"line":208,"column":23},"end":{"line":208,"column":32}}]}},"s":{"0":0,"1":0,"2":0,"3":0,"4":0,"5":0,"6":0,"7":0,"8":0,"9":0,"10":0,"11":0,"12":0,"13":0,"14":0,"15":0,"16":0,"17":0,"18":0},"f":{"0":0,"1":0,"2":0,"3":0,"4":0,"5":0,"6":0,"7":0},"b":{"0":[0],"1":[0],"2":[0],"3":[0,0],"4":[0],"5":[0,0],"6":[0],"7":[0]}}
,"D:\\AI_analyst\\frontend\\components\\ThemeToggle.tsx": {"path":"D:\\AI_analyst\\frontend\\components\\ThemeToggle.tsx","statementMap":{"0":{"start":{"line":10,"column":24},"end":{"line":10,"column":36}},"1":{"start":{"line":3,"column":36},"end":{"line":3,"column":null}},"2":{"start":{"line":4,"column":23},"end":{"line":4,"column":null}},"3":{"start":{"line":11,"column":30},"end":{"line":11,"column":null}},"4":{"start":{"line":12,"column":32},"end":{"line":12,"column":null}},"5":{"start":{"line":14,"column":2},"end":{"line":27,"column":null}},"6":{"start":{"line":15,"column":4},"end":{"line":15,"column":null}},"7":{"start":{"line":17,"column":23},"end":{"line":17,"column":null}},"8":{"start":{"line":18,"column":24},"end":{"line":18,"column":81}},"9":{"start":{"line":20,"column":4},"end":{"line":26,"column":null}},"10":{"start":{"line":21,"column":6},"end":{"line":21,"column":null}},"11":{"start":{"line":22,"column":6},"end":{"line":22,"column":null}},"12":{"start":{"line":24,"column":6},"end":{"line":24,"column":null}},"13":{"start":{"line":25,"column":6},"end":{"line":25,"column":null}},"14":{"start":{"line":29,"column":22},"end":{"line":34,"column":null}},"15":{"start":{"line":30,"column":21},"end":{"line":30,"column":null}},"16":{"start":{"line":31,"column":4},"end":{"line":31,"column":null}},"17":{"start":{"line":32,"column":4},"end":{"line":32,"column":null}},"18":{"start":{"line":33,"column":4},"end":{"line":33,"column":null}},"19":{"start":{"line":36,"column":2},"end":{"line":42,"column":null}}},"fnMap":{"0":{"name":"ThemeToggle","decl":{"start":{"line":10,"column":24},"end":{"line":10,"column":36}},"loc":{"start":{"line":10,"column":72},"end":{"line":201,"column":null}}},"1":{"name":"(anonymous_3)","decl":{"start":{"line":14,"column":12},"end":{"line":14,"column":null}},"loc":{"start":{"line":14,"column":12},"end":{"line":27,"column":5}}},"2":{"name":"(anonymous_4)","decl":{"start":{"line":29,"column":22},"end":{"line":29,"column":null}},"loc":{"start":{"line":29,"column":22},"end":{"line":34,"column":null}}}},"branchMap":{"0":{"loc":{"start":{"line":10,"column":38},"end":{"line":10,"column":52}},"type":"default-arg","locations":[{"start":{"line":10,"column":50},"end":{"line":10,"column":52}}]},"1":{"loc":{"start":{"line":20,"column":4},"end":{"line":26,"column":null}},"type":"if","locations":[{"start":{"line":20,"column":4},"end":{"line":26,"column":null}},{"start":{"line":23,"column":11},"end":{"line":26,"column":null}}]},"2":{"loc":{"start":{"line":25,"column":58},"end":{"line":25,"column":null}},"type":"cond-expr","locations":[{"start":{"line":25,"column":72},"end":{"line":25,"column":81}},{"start":{"line":25,"column":81},"end":{"line":25,"column":null}}]},"3":{"loc":{"start":{"line":30,"column":21},"end":{"line":30,"column":null}},"type":"cond-expr","locations":[{"start":{"line":30,"column":30},"end":{"line":30,"column":40}},{"start":{"line":30,"column":40},"end":{"line":30,"column":null}}]},"4":{"loc":{"start":{"line":36,"column":2},"end":{"line":42,"column":null}},"type":"if","locations":[{"start":{"line":36,"column":2},"end":{"line":42,"column":null}}]},"5":{"loc":{"start":{"line":49,"column":26},"end":{"line":49,"column":47}},"type":"cond-expr","locations":[{"start":{"line":49,"column":35},"end":{"line":49,"column":42}},{"start":{"line":49,"column":42},"end":{"line":49,"column":47}}]},"6":{"loc":{"start":{"line":50,"column":21},"end":{"line":50,"column":42}},"type":"cond-expr","locations":[{"start":{"line":50,"column":30},"end":{"line":50,"column":37}},{"start":{"line":50,"column":37},"end":{"line":50,"column":42}}]},"7":{"loc":{"start":{"line":55,"column":29},"end":{"line":55,"column":null}},"type":"cond-expr","locations":[{"start":{"line":55,"column":38},"end":{"line":55,"column":50}},{"start":{"line":55,"column":50},"end":{"line":55,"column":null}}]},"8":{"loc":{"start":{"line":62,"column":17},"end":{"line":62,"column":null}},"type":"cond-expr","locations":[{"start":{"line":62,"column":26},"end":{"line":62,"column":30}},{"start":{"line":62,"column":30},"end":{"line":62,"column":null}}]},"9":{"loc":{"start":{"line":63,"column":31},"end":{"line":63,"column":null}},"type":"cond-expr","locations":[{"start":{"line":63,"column":40},"end":{"line":63,"column":52}},{"start":{"line":63,"column":52},"end":{"line":63,"column":null}}]},"10":{"loc":{"start":{"line":69,"column":33},"end":{"line":69,"column":50}},"type":"cond-expr","locations":[{"start":{"line":69,"column":42},"end":{"line":69,"column":46}},{"start":{"line":69,"column":46},"end":{"line":69,"column":50}}]},"11":{"loc":{"start":{"line":73,"column":16},"end":{"line":80,"column":17}},"type":"cond-expr","locations":[{"start":{"line":73,"column":16},"end":{"line":80,"column":17}}]},"12":{"loc":{"start":{"line":97,"column":11},"end":{"line":97,"column":null}},"type":"cond-expr","locations":[{"start":{"line":97,"column":20},"end":{"line":97,"column":27}},{"start":{"line":97,"column":27},"end":{"line":97,"column":null}}]}},"s":{"0":0,"1":0,"2":0,"3":0,"4":0,"5":0,"6":0,"7":0,"8":0,"9":0,"10":0,"11":0,"12":0,"13":0,"14":0,"15":0,"16":0,"17":0,"18":0,"19":0},"f":{"0":0,"1":0,"2":0},"b":{"0":[0],"1":[0,0],"2":[0,0],"3":[0,0],"4":[0],"5":[0,0],"6":[0,0],"7":[0,0],"8":[0,0],"9":[0,0],"10":[0,0],"11":[0],"12":[0,0]}}
,"D:\\AI_analyst\\frontend\\lib\\api.ts": {"path":"D:\\AI_analyst\\frontend\\lib\\api.ts","statementMap":{"0":{"start":{"line":144,"column":13},"end":{"line":144,"column":31}},"1":{"start":{"line":154,"column":0},"end":{"line":154,"column":15}},"2":{"start":{"line":72,"column":13},"end":{"line":72,"column":23}},"3":{"start":{"line":104,"column":13},"end":{"line":104,"column":27}},"4":{"start":{"line":133,"column":13},"end":{"line":133,"column":27}},"5":{"start":{"line":78,"column":13},"end":{"line":78,"column":35}},"6":{"start":{"line":66,"column":13},"end":{"line":66,"column":26}},"7":{"start":{"line":89,"column":13},"end":{"line":89,"column":29}},"8":{"start":{"line":98,"column":13},"end":{"line":98,"column":22}},"9":{"start":{"line":127,"column":13},"end":{"line":127,"column":24}},"10":{"start":{"line":52,"column":13},"end":{"line":52,"column":23}},"11":{"start":{"line":5,"column":18},"end":{"line":5,"column":null}},"12":{"start":{"line":7,"column":21},"end":{"line":7,"column":null}},"13":{"start":{"line":10,"column":18},"end":{"line":16,"column":null}},"14":{"start":{"line":19,"column":0},"end":{"line":27,"column":null}},"15":{"start":{"line":21,"column":4},"end":{"line":21,"column":null}},"16":{"start":{"line":22,"column":4},"end":{"line":22,"column":null}},"17":{"start":{"line":25,"column":4},"end":{"line":25,"column":null}},"18":{"start":{"line":26,"column":4},"end":{"line":26,"column":null}},"19":{"start":{"line":31,"column":0},"end":{"line":48,"column":null}},"20":{"start":{"line":33,"column":4},"end":{"line":33,"column":null}},"21":{"start":{"line":36,"column":4},"end":{"line":36,"column":null}},"22":{"start":{"line":39,"column":4},"end":{"line":47,"column":null}},"23":{"start":{"line":40,"column":6},"end":{"line":40,"column":null}},"24":{"start":{"line":41,"column":11},"end":{"line":47,"column":null}},"25":{"start":{"line":42,"column":6},"end":{"line":42,"column":null}},"26":{"start":{"line":43,"column":11},"end":{"line":47,"column":null}},"27":{"start":{"line":44,"column":6},"end":{"line":44,"column":null}},"28":{"start":{"line":46,"column":6},"end":{"line":46,"column":null}},"29":{"start":{"line":52,"column":26},"end":{"line":63,"column":null}},"30":{"start":{"line":53,"column":19},"end":{"line":53,"column":null}},"31":{"start":{"line":54,"column":2},"end":{"line":54,"column":null}},"32":{"start":{"line":56,"column":19},"end":{"line":60,"column":null}},"33":{"start":{"line":62,"column":2},"end":{"line":62,"column":null}},"34":{"start":{"line":66,"column":29},"end":{"line":69,"column":null}},"35":{"start":{"line":67,"column":19},"end":{"line":67,"column":null}},"36":{"start":{"line":68,"column":2},"end":{"line":68,"column":null}},"37":{"start":{"line":72,"column":26},"end":{"line":75,"column":null}},"38":{"start":{"line":73,"column":19},"end":{"line":73,"column":null}},"39":{"start":{"line":74,"column":2},"end":{"line":74,"column":null}},"40":{"start":{"line":78,"column":38},"end":{"line":86,"column":null}},"41":{"start":{"line":79,"column":19},"end":{"line":83,"column":null}},"42":{"start":{"line":85,"column":2},"end":{"line":85,"column":null}},"43":{"start":{"line":89,"column":32},"end":{"line":95,"column":null}},"44":{"start":{"line":90,"column":19},"end":{"line":92,"column":null}},"45":{"start":{"line":94,"column":2},"end":{"line":94,"column":null}},"46":{"start":{"line":98,"column":25},"end":{"line":101,"column":null}},"47":{"start":{"line":99,"column":19},"end":{"line":99,"column":null}},"48":{"start":{"line":100,"column":2},"end":{"line":100,"column":null}},"49":{"start":{"line":104,"column":30},"end":{"line":124,"column":null}},"50":{"start":{"line":105,"column":19},"end":{"line":108,"column":null}},"51":{"start":{"line":111,"column":15},"end":{"line":113,"column":null}},"52":{"start":{"line":114,"column":14},"end":{"line":114,"column":null}},"53":{"start":{"line":115,"column":15},"end":{"line":115,"column":null}},"54":{"start":{"line":116,"column":2},"end":{"line":116,"column":null}},"55":{"start":{"line":117,"column":2},"end":{"line":117,"column":null}},"56":{"start":{"line":118,"column":2},"end":{"line":118,"column":null}},"57":{"start":{"line":119,"column":2},"end":{"line":119,"column":null}},"58":{"start":{"line":120,"column":2},"end":{"line":120,"column":null}},"59":{"start":{"line":121,"column":2},"end":{"line":121,"column":null}},"60":{"start":{"line":123,"column":2},"end":{"line":123,"column":null}},"61":{"start":{"line":127,"column":27},"end":{"line":130,"column":null}},"62":{"start":{"line":128,"column":19},"end":{"line":128,"column":null}},"63":{"start":{"line":129,"column":2},"end":{"line":129,"column":null}},"64":{"start":{"line":133,"column":30},"end":{"line":141,"column":null}},"65":{"start":{"line":134,"column":2},"end":{"line":140,"column":null}},"66":{"start":{"line":135,"column":4},"end":{"line":135,"column":null}},"67":{"start":{"line":136,"column":9},"end":{"line":140,"column":null}},"68":{"start":{"line":137,"column":4},"end":{"line":137,"column":null}},"69":{"start":{"line":139,"column":4},"end":{"line":139,"column":null}},"70":{"start":{"line":144,"column":34},"end":{"line":152,"column":null}},"71":{"start":{"line":145,"column":2},"end":{"line":151,"column":null}},"72":{"start":{"line":146,"column":4},"end":{"line":146,"column":null}},"73":{"start":{"line":147,"column":4},"end":{"line":147,"column":null}},"74":{"start":{"line":149,"column":4},"end":{"line":149,"column":null}},"75":{"start":{"line":150,"column":4},"end":{"line":150,"column":null}},"76":{"start":{"line":154,"column":15},"end":{"line":154,"column":24}}},"fnMap":{"0":{"name":"(anonymous_13)","decl":{"start":{"line":20,"column":2},"end":{"line":20,"column":3}},"loc":{"start":{"line":20,"column":3},"end":{"line":23,"column":null}}},"1":{"name":"(anonymous_14)","decl":{"start":{"line":24,"column":2},"end":{"line":24,"column":3}},"loc":{"start":{"line":24,"column":3},"end":{"line":27,"column":null}}},"2":{"name":"(anonymous_15)","decl":{"start":{"line":32,"column":2},"end":{"line":32,"column":3}},"loc":{"start":{"line":32,"column":3},"end":{"line":34,"column":null}}},"3":{"name":"(anonymous_16)","decl":{"start":{"line":35,"column":2},"end":{"line":35,"column":3}},"loc":{"start":{"line":35,"column":3},"end":{"line":48,"column":null}}},"4":{"name":"(anonymous_17)","decl":{"start":{"line":52,"column":26},"end":{"line":52,"column":33}},"loc":{"start":{"line":52,"column":33},"end":{"line":63,"column":null}}},"5":{"name":"(anonymous_18)","decl":{"start":{"line":66,"column":29},"end":{"line":66,"column":36}},"loc":{"start":{"line":66,"column":36},"end":{"line":69,"column":null}}},"6":{"name":"(anonymous_19)","decl":{"start":{"line":72,"column":26},"end":{"line":72,"column":33}},"loc":{"start":{"line":72,"column":33},"end":{"line":75,"column":null}}},"7":{"name":"(anonymous_20)","decl":{"start":{"line":78,"column":38},"end":{"line":78,"column":45}},"loc":{"start":{"line":78,"column":81},"end":{"line":86,"column":null}}},"8":{"name":"(anonymous_21)","decl":{"start":{"line":89,"column":32},"end":{"line":89,"column":39}},"loc":{"start":{"line":89,"column":39},"end":{"line":95,"column":null}}},"9":{"name":"(anonymous_22)","decl":{"start":{"line":98,"column":25},"end":{"line":98,"column":32}},"loc":{"start":{"line":98,"column":32},"end":{"line":101,"column":null}}},"10":{"name":"(anonymous_23)","decl":{"start":{"line":104,"column":30},"end":{"line":104,"column":37}},"loc":{"start":{"line":104,"column":82},"end":{"line":124,"column":null}}},"11":{"name":"(anonymous_24)","decl":{"start":{"line":127,"column":27},"end":{"line":127,"column":null}},"loc":{"start":{"line":127,"column":27},"end":{"line":130,"column":null}}},"12":{"name":"(anonymous_25)","decl":{"start":{"line":133,"column":30},"end":{"line":133,"column":31}},"loc":{"start":{"line":133,"column":31},"end":{"line":141,"column":null}}},"13":{"name":"(anonymous_26)","decl":{"start":{"line":144,"column":34},"end":{"line":144,"column":null}},"loc":{"start":{"line":144,"column":34},"end":{"line":152,"column":null}}}},"branchMap":{"0":{"loc":{"start":{"line":7,"column":21},"end":{"line":7,"column":null}},"type":"binary-expr","locations":[{"start":{"line":7,"column":21},"end":{"line":7,"column":52}},{"start":{"line":7,"column":56},"end":{"line":7,"column":null}}]},"1":{"loc":{"start":{"line":36,"column":41},"end":{"line":36,"column":78}},"type":"binary-expr","locations":[{"start":{"line":36,"column":41},"end":{"line":36,"column":65}},{"start":{"line":36,"column":65},"end":{"line":36,"column":78}}]},"2":{"loc":{"start":{"line":39,"column":4},"end":{"line":47,"column":null}},"type":"if","locations":[{"start":{"line":39,"column":4},"end":{"line":47,"column":null}},{"start":{"line":41,"column":11},"end":{"line":47,"column":null}}]},"3":{"loc":{"start":{"line":41,"column":11},"end":{"line":47,"column":null}},"type":"if","locations":[{"start":{"line":41,"column":11},"end":{"line":47,"column":null}},{"start":{"line":43,"column":11},"end":{"line":47,"column":null}}]},"4":{"loc":{"start":{"line":43,"column":11},"end":{"line":47,"column":null}},"type":"if","locations":[{"start":{"line":43,"column":11},"end":{"line":47,"column":null}},{"start":{"line":45,"column":11},"end":{"line":47,"column":null}}]},"5":{"loc":{"start":{"line":46,"column":22},"end":{"line":46,"column":null}},"type":"binary-expr","locations":[{"start":{"line":46,"column":22},"end":{"line":46,"column":35}},{"start":{"line":46,"column":39},"end":{"line":46,"column":null}}]},"6":{"loc":{"start":{"line":82,"column":24},"end":{"line":82,"column":null}},"type":"binary-expr","locations":[{"start":{"line":82,"column":24},"end":{"line":82,"column":45}},{"start":{"line":82,"column":45},"end":{"line":82,"column":null}}]},"7":{"loc":{"start":{"line":104,"column":55},"end":{"line":104,"column":82}},"type":"default-arg","locations":[{"start":{"line":104,"column":72},"end":{"line":104,"column":82}}]},"8":{"loc":{"start":{"line":112,"column":10},"end":{"line":112,"column":null}},"type":"cond-expr","locations":[{"start":{"line":112,"column":34},"end":{"line":112,"column":52}},{"start":{"line":112,"column":52},"end":{"line":112,"column":null}}]},"9":{"loc":{"start":{"line":117,"column":40},"end":{"line":117,"column":77}},"type":"cond-expr","locations":[{"start":{"line":117,"column":64},"end":{"line":117,"column":71}},{"start":{"line":117,"column":71},"end":{"line":117,"column":77}}]},"10":{"loc":{"start":{"line":134,"column":2},"end":{"line":140,"column":null}},"type":"if","locations":[{"start":{"line":134,"column":2},"end":{"line":140,"column":null}},{"start":{"line":136,"column":9},"end":{"line":140,"column":null}}]},"11":{"loc":{"start":{"line":136,"column":9},"end":{"line":140,"column":null}},"type":"if","locations":[{"start":{"line":136,"column":9},"end":{"line":140,"column":null}},{"start":{"line":138,"column":9},"end":{"line":140,"column":null}}]}},"s":{"0":0,"1":0,"2":0,"3":0,"4":0,"5":0,"6":0,"7":0,"8":0,"9":0,"10":0,"11":0,"12":0,"13":0,"14":0,"15":0,"16":0,"17":0,"18":0,"19":0,"20":0,"21":0,"22":0,"23":0,"24":0,"25":0,"26":0,"27":0,"28":0,"29":0,"30":0,"31":0,"32":0,"33":0,"34":0,"35":0,"36":0,"37":0,"38":0,"39":0,"40":0,"41":0,"42":0,"43":0,"44":0,"45":0,"46":0,"47":0,"48":0,"49":0,"50":0,"51":0,"52":0,"53":0,"54":0,"55":0,"56":0,"57":0,"58":0,"59":0,"60":0,"61":0,"62":0,"63":0,"64":0,"65":0,"66":0,"67":0,"68":0,"69":0,"70":0,"71":0,"72":0,"73":0,"74":0,"75":0,"76":0},"f":{"0":0,"1":0,"2":0,"3":0,"4":0,"5":0,"6":0,"7":0,"8":0,"9":0,"10":0,"11":0,"12":0,"13":0},"b":{"0":[0,0],"1":[0,0],"2":[0,0],"3":[0,0],"4":[0,0],"5":[0,0],"6":[0,0],"7":[0],"8":[0,0],"9":[0,0],"10":[0,0],"11":[0,0]}}
}
