TN:
SF:app\layout.tsx
FN:4,RootLayout
FNF:1
FNH:0
FNDA:0,RootLayout
DA:1,0
DA:2,0
DA:4,0
LF:3
LH:0
BRF:0
BRH:0
end_of_record
TN:
SF:app\page.tsx
FN:9,(anonymous_1)
FN:14,(anonymous_2)
FN:19,(anonymous_3)
FN:24,(anonymous_4)
FN:28,(anonymous_5)
FN:32,(anonymous_6)
FN:34,(anonymous_7)
FN:47,(anonymous_8)
FN:67,(anonymous_9)
FN:79,(anonymous_10)
FN:89,(anonymous_11)
FN:91,(anonymous_12)
FN:109,(anonymous_13)
FN:112,(anonymous_14)
FN:115,(anonymous_15)
FN:124,(anonymous_16)
FN:157,(anonymous_17)
FN:164,(anonymous_18)
FN:166,(anonymous_19)
FN:167,(anonymous_20)
FN:180,(anonymous_21)
FN:183,(anonymous_22)
FN:194,(anonymous_23)
FN:225,(anonymous_24)
FN:233,(anonymous_25)
FN:234,(anonymous_26)
FN:235,(anonymous_27)
FN:243,(anonymous_28)
FN:272,MinimalistHomePage
FNF:29
FNH:0
FNDA:0,(anonymous_1)
FNDA:0,(anonymous_2)
FNDA:0,(anonymous_3)
FNDA:0,(anonymous_4)
FNDA:0,(anonymous_5)
FNDA:0,(anonymous_6)
FNDA:0,(anonymous_7)
FNDA:0,(anonymous_8)
FNDA:0,(anonymous_9)
FNDA:0,(anonymous_10)
FNDA:0,(anonymous_11)
FNDA:0,(anonymous_12)
FNDA:0,(anonymous_13)
FNDA:0,(anonymous_14)
FNDA:0,(anonymous_15)
FNDA:0,(anonymous_16)
FNDA:0,(anonymous_17)
FNDA:0,(anonymous_18)
FNDA:0,(anonymous_19)
FNDA:0,(anonymous_20)
FNDA:0,(anonymous_21)
FNDA:0,(anonymous_22)
FNDA:0,(anonymous_23)
FNDA:0,(anonymous_24)
FNDA:0,(anonymous_25)
FNDA:0,(anonymous_26)
FNDA:0,(anonymous_27)
FNDA:0,(anonymous_28)
FNDA:0,MinimalistHomePage
DA:3,0
DA:4,0
DA:5,0
DA:6,0
DA:9,0
DA:10,0
DA:11,0
DA:12,0
DA:14,0
DA:15,0
DA:16,0
DA:19,0
DA:20,0
DA:21,0
DA:24,0
DA:25,0
DA:26,0
DA:27,0
DA:28,0
DA:29,0
DA:32,0
DA:33,0
DA:34,0
DA:35,0
DA:47,0
DA:68,0
DA:79,0
DA:80,0
DA:87,0
DA:89,0
DA:91,0
DA:92,0
DA:93,0
DA:101,0
DA:109,0
DA:112,0
DA:115,0
DA:116,0
DA:125,0
DA:157,0
DA:158,0
DA:164,0
DA:166,0
DA:167,0
DA:168,0
DA:169,0
DA:170,0
DA:180,0
DA:183,0
DA:187,0
DA:195,0
DA:225,0
DA:226,0
DA:233,0
DA:234,0
DA:235,0
DA:243,0
DA:272,0
LF:58
LH:0
BRDA:33,0,0,0
BRDA:33,0,1,0
BRDA:42,1,0,0
BRDA:42,1,1,0
BRDA:64,2,0,0
BRDA:106,3,0,0
BRDA:106,3,1,0
BRDA:131,4,0,0
BRDA:131,4,1,0
BRDA:138,5,0,0
BRDA:138,5,1,0
BRDA:198,6,0,0
BRDA:198,6,1,0
BRDA:199,7,0,0
BRDA:199,7,1,0
BRDA:205,8,0,0
BRDA:213,9,0,0
BRDA:213,9,1,0
BRDA:214,10,0,0
BRDA:214,10,1,0
BRF:20
BRH:0
end_of_record
TN:
SF:app\upload\page.tsx
FN:13,UploadPage
FN:32,(anonymous_2)
FN:33,(anonymous_3)
FN:36,(anonymous_4)
FN:37,(anonymous_5)
FN:37,(anonymous_6)
FN:42,(anonymous_7)
FN:58,(anonymous_8)
FN:86,(anonymous_9)
FN:112,(anonymous_10)
FN:120,(anonymous_11)
FN:129,(anonymous_12)
FN:138,(anonymous_13)
FN:193,(anonymous_14)
FN:217,(anonymous_15)
FN:253,(anonymous_16)
FN:258,(anonymous_17)
FN:277,(anonymous_18)
FN:305,(anonymous_19)
FN:315,(anonymous_20)
FN:316,(anonymous_21)
FN:319,(anonymous_22)
FNF:22
FNH:0
FNDA:0,UploadPage
FNDA:0,(anonymous_2)
FNDA:0,(anonymous_3)
FNDA:0,(anonymous_4)
FNDA:0,(anonymous_5)
FNDA:0,(anonymous_6)
FNDA:0,(anonymous_7)
FNDA:0,(anonymous_8)
FNDA:0,(anonymous_9)
FNDA:0,(anonymous_10)
FNDA:0,(anonymous_11)
FNDA:0,(anonymous_12)
FNDA:0,(anonymous_13)
FNDA:0,(anonymous_14)
FNDA:0,(anonymous_15)
FNDA:0,(anonymous_16)
FNDA:0,(anonymous_17)
FNDA:0,(anonymous_18)
FNDA:0,(anonymous_19)
FNDA:0,(anonymous_20)
FNDA:0,(anonymous_21)
FNDA:0,(anonymous_22)
DA:3,0
DA:4,0
DA:13,0
DA:14,0
DA:15,0
DA:16,0
DA:17,0
DA:18,0
DA:24,0
DA:25,0
DA:26,0
DA:32,0
DA:33,0
DA:36,0
DA:37,0
DA:38,0
DA:42,0
DA:43,0
DA:44,0
DA:45,0
DA:46,0
DA:47,0
DA:49,0
DA:50,0
DA:51,0
DA:53,0
DA:58,0
DA:59,0
DA:60,0
DA:61,0
DA:64,0
DA:65,0
DA:66,0
DA:68,0
DA:69,0
DA:72,0
DA:74,0
DA:75,0
DA:77,0
DA:78,0
DA:79,0
DA:82,0
DA:83,0
DA:86,0
DA:87,0
DA:88,0
DA:91,0
DA:92,0
DA:93,0
DA:95,0
DA:101,0
DA:102,0
DA:105,0
DA:106,0
DA:107,0
DA:109,0
DA:112,0
DA:113,0
DA:114,0
DA:116,0
DA:120,0
DA:121,0
DA:122,0
DA:123,0
DA:124,0
DA:125,0
DA:129,0
DA:130,0
DA:131,0
DA:132,0
DA:133,0
DA:134,0
DA:138,0
DA:139,0
DA:140,0
DA:141,0
DA:142,0
DA:143,0
DA:193,0
DA:217,0
DA:253,0
DA:259,0
DA:277,0
DA:306,0
DA:315,0
DA:316,0
DA:319,0
LF:87
LH:0
BRDA:38,0,0,0
BRDA:38,0,1,0
BRDA:44,1,0,0
BRDA:50,2,0,0
BRDA:50,2,1,0
BRDA:50,3,0,0
BRDA:50,3,1,0
BRDA:59,4,0,0
BRDA:68,5,0,0
BRDA:98,6,0,0
BRDA:98,6,1,0
BRDA:112,7,0,0
BRDA:112,7,1,0
BRDA:121,8,0,0
BRDA:121,8,1,0
BRDA:121,8,2,0
BRDA:121,8,3,0
BRDA:130,9,0,0
BRDA:130,9,1,0
BRDA:130,9,2,0
BRDA:130,9,3,0
BRDA:139,10,0,0
BRDA:139,10,1,0
BRDA:139,10,2,0
BRDA:139,10,3,0
BRDA:236,11,0,0
BRDA:236,11,1,0
BRDA:240,12,0,0
BRDA:240,12,1,0
BRDA:240,13,0,0
BRDA:240,13,1,0
BRDA:246,14,0,0
BRDA:246,14,1,0
BRDA:246,15,0,0
BRDA:246,15,1,0
BRDA:249,16,0,0
BRDA:249,16,1,0
BRDA:253,17,0,0
BRDA:253,17,1,0
BRDA:264,18,0,0
BRDA:275,19,0,0
BRDA:314,20,0,0
BRF:42
BRH:0
end_of_record
TN:
SF:components\EnhancedFileUpload.tsx
FN:26,EnhancedFileUpload
FN:41,(anonymous_3)
FN:56,(anonymous_4)
FN:57,(anonymous_5)
FN:60,(anonymous_6)
FN:68,(anonymous_7)
FN:93,(anonymous_8)
FN:96,(anonymous_9)
FN:97,(anonymous_10)
FN:97,(anonymous_11)
FN:100,(anonymous_12)
FN:120,(anonymous_13)
FN:149,(anonymous_14)
FN:155,(anonymous_15)
FN:160,(anonymous_16)
FN:166,(anonymous_17)
FN:172,(anonymous_18)
FN:181,(anonymous_19)
FN:188,(anonymous_20)
FN:199,(anonymous_21)
FN:217,(anonymous_22)
FN:238,(anonymous_23)
FN:250,(anonymous_24)
FN:257,(anonymous_25)
FN:291,(anonymous_26)
FN:309,(anonymous_27)
FNF:26
FNH:0
FNDA:0,EnhancedFileUpload
FNDA:0,(anonymous_3)
FNDA:0,(anonymous_4)
FNDA:0,(anonymous_5)
FNDA:0,(anonymous_6)
FNDA:0,(anonymous_7)
FNDA:0,(anonymous_8)
FNDA:0,(anonymous_9)
FNDA:0,(anonymous_10)
FNDA:0,(anonymous_11)
FNDA:0,(anonymous_12)
FNDA:0,(anonymous_13)
FNDA:0,(anonymous_14)
FNDA:0,(anonymous_15)
FNDA:0,(anonymous_16)
FNDA:0,(anonymous_17)
FNDA:0,(anonymous_18)
FNDA:0,(anonymous_19)
FNDA:0,(anonymous_20)
FNDA:0,(anonymous_21)
FNDA:0,(anonymous_22)
FNDA:0,(anonymous_23)
FNDA:0,(anonymous_24)
FNDA:0,(anonymous_25)
FNDA:0,(anonymous_26)
FNDA:0,(anonymous_27)
DA:3,0
DA:4,0
DA:26,0
DA:36,0
DA:37,0
DA:38,0
DA:39,0
DA:41,0
DA:43,0
DA:44,0
DA:48,0
DA:49,0
DA:50,0
DA:53,0
DA:56,0
DA:57,0
DA:58,0
DA:59,0
DA:60,0
DA:61,0
DA:63,0
DA:68,0
DA:69,0
DA:70,0
DA:71,0
DA:74,0
DA:76,0
DA:77,0
DA:78,0
DA:79,0
DA:80,0
DA:83,0
DA:84,0
DA:93,0
DA:96,0
DA:97,0
DA:100,0
DA:101,0
DA:102,0
DA:103,0
DA:106,0
DA:107,0
DA:109,0
DA:110,0
DA:111,0
DA:112,0
DA:115,0
DA:116,0
DA:118,0
DA:120,0
DA:121,0
DA:125,0
DA:128,0
DA:130,0
DA:131,0
DA:136,0
DA:139,0
DA:145,0
DA:149,0
DA:151,0
DA:155,0
DA:156,0
DA:157,0
DA:160,0
DA:161,0
DA:162,0
DA:163,0
DA:166,0
DA:167,0
DA:168,0
DA:169,0
DA:172,0
DA:173,0
DA:174,0
DA:175,0
DA:177,0
DA:178,0
DA:181,0
DA:182,0
DA:183,0
DA:184,0
DA:188,0
DA:189,0
DA:190,0
DA:191,0
DA:192,0
DA:194,0
DA:195,0
DA:199,0
DA:200,0
DA:201,0
DA:202,0
DA:203,0
DA:204,0
DA:217,0
DA:238,0
DA:250,0
DA:258,0
DA:291,0
DA:309,0
LF:100
LH:0
BRDA:29,0,0,0
BRDA:30,1,0,0
BRDA:31,2,0,0
BRDA:32,3,0,0
BRDA:33,4,0,0
BRDA:34,5,0,0
BRDA:43,6,0,0
BRDA:49,7,0,0
BRDA:49,8,0,0
BRDA:49,8,1,0
BRDA:58,9,0,0
BRDA:58,9,1,0
BRDA:69,10,0,0
BRDA:78,11,0,0
BRDA:101,12,0,0
BRDA:112,13,0,0
BRDA:143,14,0,0
BRDA:143,14,1,0
BRDA:182,15,0,0
BRDA:190,16,0,0
BRDA:190,16,1,0
BRDA:190,16,2,0
BRDA:190,16,3,0
BRDA:190,16,4,0
BRDA:200,17,0,0
BRDA:200,17,1,0
BRDA:200,17,2,0
BRDA:200,17,3,0
BRDA:209,18,0,0
BRDA:209,18,1,0
BRDA:217,19,0,0
BRDA:217,19,1,0
BRDA:212,20,0,0
BRDA:212,20,1,0
BRDA:244,21,0,0
BRDA:251,22,0,0
BRDA:251,22,1,0
BRDA:270,23,0,0
BRDA:280,24,0,0
BRDA:284,25,0,0
BRDA:288,26,0,0
BRDA:292,27,0,0
BRDA:292,27,1,0
BRDA:304,28,0,0
BRDA:309,29,0,0
BRDA:309,29,1,0
BRDA:309,29,2,0
BRDA:311,30,0,0
BRDA:311,30,1,0
BRF:49
BRH:0
end_of_record
TN:
SF:components\EnhancedProgress.tsx
FN:32,EnhancedProgress
FN:50,(anonymous_3)
FN:51,(anonymous_4)
FN:54,(anonymous_5)
FN:57,(anonymous_6)
FN:62,(anonymous_7)
FN:77,(anonymous_8)
FN:82,(anonymous_9)
FN:88,(anonymous_10)
FN:160,(anonymous_11)
FN:169,(anonymous_12)
FN:171,(anonymous_13)
FN:283,(anonymous_14)
FN:300,(anonymous_15)
FNF:14
FNH:0
FNDA:0,EnhancedProgress
FNDA:0,(anonymous_3)
FNDA:0,(anonymous_4)
FNDA:0,(anonymous_5)
FNDA:0,(anonymous_6)
FNDA:0,(anonymous_7)
FNDA:0,(anonymous_8)
FNDA:0,(anonymous_9)
FNDA:0,(anonymous_10)
FNDA:0,(anonymous_11)
FNDA:0,(anonymous_12)
FNDA:0,(anonymous_13)
FNDA:0,(anonymous_14)
FNDA:0,(anonymous_15)
DA:3,0
DA:4,0
DA:32,0
DA:45,0
DA:46,0
DA:47,0
DA:48,0
DA:50,0
DA:51,0
DA:52,0
DA:54,0
DA:57,0
DA:60,0
DA:61,0
DA:62,0
DA:63,0
DA:64,0
DA:67,0
DA:68,0
DA:69,0
DA:70,0
DA:74,0
DA:77,0
DA:78,0
DA:82,0
DA:83,0
DA:84,0
DA:85,0
DA:88,0
DA:89,0
DA:160,0
DA:161,0
DA:162,0
DA:163,0
DA:164,0
DA:165,0
DA:169,0
DA:170,0
DA:171,0
DA:283,0
DA:301,0
LF:41
LH:0
BRDA:38,0,0,0
BRDA:39,1,0,0
BRDA:40,2,0,0
BRDA:41,3,0,0
BRDA:42,4,0,0
BRDA:43,5,0,0
BRDA:60,6,0,0
BRDA:60,6,1,0
BRDA:67,7,0,0
BRDA:67,8,0,0
BRDA:67,8,1,0
BRDA:78,9,0,0
BRDA:161,10,0,0
BRDA:161,10,1,0
BRDA:161,10,2,0
BRDA:161,10,3,0
BRDA:188,11,0,0
BRDA:191,12,0,0
BRDA:198,13,0,0
BRDA:198,13,1,0
BRDA:224,14,0,0
BRDA:252,15,0,0
BRDA:252,15,1,0
BRDA:277,16,0,0
BRDA:284,17,0,0
BRDA:284,17,1,0
BRDA:292,18,0,0
BRDA:303,19,0,0
BRDA:303,19,1,0
BRDA:322,20,0,0
BRDA:328,21,0,0
BRDA:328,21,1,0
BRDA:341,22,0,0
BRDA:341,22,1,0
BRDA:351,23,0,0
BRDA:351,23,1,0
BRDA:351,23,2,0
BRDA:361,24,0,0
BRDA:373,25,0,0
BRDA:373,25,1,0
BRDA:375,26,0,0
BRDA:378,27,0,0
BRF:42
BRH:0
end_of_record
TN:
SF:components\EnhancedReportViewer.tsx
FN:28,EnhancedReportViewer
FN:52,(anonymous_3)
FN:60,(anonymous_4)
FN:101,(anonymous_5)
FN:113,(anonymous_6)
FN:118,(anonymous_7)
FN:126,(anonymous_8)
FN:135,(anonymous_9)
FN:157,(anonymous_10)
FN:175,(anonymous_11)
FN:176,(anonymous_12)
FN:188,(anonymous_13)
FN:192,(anonymous_14)
FN:214,(anonymous_15)
FN:269,(anonymous_16)
FN:289,(anonymous_17)
FN:289,(anonymous_18)
FN:306,(anonymous_19)
FN:306,(anonymous_20)
FN:334,(anonymous_21)
FN:357,(anonymous_22)
FN:365,(anonymous_23)
FN:387,(anonymous_24)
FN:396,(anonymous_25)
FN:405,(anonymous_26)
FN:463,(anonymous_27)
FN:469,(anonymous_28)
FN:502,(anonymous_29)
FN:564,ReportViewerStyles
FNF:29
FNH:0
FNDA:0,EnhancedReportViewer
FNDA:0,(anonymous_3)
FNDA:0,(anonymous_4)
FNDA:0,(anonymous_5)
FNDA:0,(anonymous_6)
FNDA:0,(anonymous_7)
FNDA:0,(anonymous_8)
FNDA:0,(anonymous_9)
FNDA:0,(anonymous_10)
FNDA:0,(anonymous_11)
FNDA:0,(anonymous_12)
FNDA:0,(anonymous_13)
FNDA:0,(anonymous_14)
FNDA:0,(anonymous_15)
FNDA:0,(anonymous_16)
FNDA:0,(anonymous_17)
FNDA:0,(anonymous_18)
FNDA:0,(anonymous_19)
FNDA:0,(anonymous_20)
FNDA:0,(anonymous_21)
FNDA:0,(anonymous_22)
FNDA:0,(anonymous_23)
FNDA:0,(anonymous_24)
FNDA:0,(anonymous_25)
FNDA:0,(anonymous_26)
FNDA:0,(anonymous_27)
FNDA:0,(anonymous_28)
FNDA:0,(anonymous_29)
FNDA:0,ReportViewerStyles
DA:3,0
DA:4,0
DA:28,0
DA:41,0
DA:42,0
DA:43,0
DA:44,0
DA:45,0
DA:46,0
DA:47,0
DA:48,0
DA:49,0
DA:52,0
DA:53,0
DA:55,0
DA:56,0
DA:57,0
DA:58,0
DA:60,0
DA:61,0
DA:64,0
DA:66,0
DA:68,0
DA:69,0
DA:70,0
DA:74,0
DA:75,0
DA:76,0
DA:82,0
DA:84,0
DA:89,0
DA:90,0
DA:91,0
DA:94,0
DA:95,0
DA:96,0
DA:101,0
DA:102,0
DA:103,0
DA:104,0
DA:105,0
DA:108,0
DA:109,0
DA:110,0
DA:111,0
DA:113,0
DA:114,0
DA:118,0
DA:119,0
DA:121,0
DA:122,0
DA:126,0
DA:127,0
DA:128,0
DA:129,0
DA:130,0
DA:135,0
DA:136,0
DA:138,0
DA:139,0
DA:140,0
DA:142,0
DA:145,0
DA:148,0
DA:149,0
DA:150,0
DA:151,0
DA:157,0
DA:158,0
DA:159,0
DA:162,0
DA:163,0
DA:164,0
DA:165,0
DA:166,0
DA:167,0
DA:168,0
DA:169,0
DA:170,0
DA:175,0
DA:176,0
DA:177,0
DA:179,0
DA:180,0
DA:182,0
DA:183,0
DA:184,0
DA:187,0
DA:188,0
DA:189,0
DA:191,0
DA:192,0
DA:193,0
DA:195,0
DA:196,0
DA:197,0
DA:201,0
DA:202,0
DA:205,0
DA:206,0
DA:207,0
DA:208,0
DA:213,0
DA:214,0
DA:217,0
DA:269,0
DA:289,0
DA:306,0
DA:334,0
DA:357,0
DA:365,0
DA:387,0
DA:396,0
DA:405,0
DA:464,0
DA:469,0
DA:503,0
LF:117
LH:0
BRDA:34,0,0,0
BRDA:35,1,0,0
BRDA:36,2,0,0
BRDA:37,3,0,0
BRDA:38,4,0,0
BRDA:39,5,0,0
BRDA:53,6,0,0
BRDA:66,7,0,0
BRDA:66,7,1,0
BRDA:68,8,0,0
BRDA:89,9,0,0
BRDA:95,10,0,0
BRDA:102,11,0,0
BRDA:102,12,0,0
BRDA:102,12,1,0
BRDA:109,13,0,0
BRDA:109,13,1,0
BRDA:113,14,0,0
BRDA:113,14,1,0
BRDA:119,15,0,0
BRDA:128,16,0,0
BRDA:136,17,0,0
BRDA:139,18,0,0
BRDA:139,18,1,0
BRDA:142,19,0,0
BRDA:142,19,1,0
BRDA:148,20,0,0
BRDA:150,21,0,0
BRDA:158,22,0,0
BRDA:158,22,1,0
BRDA:166,23,0,0
BRDA:166,23,1,0
BRDA:177,24,0,0
BRDA:179,25,0,0
BRDA:179,26,0,0
BRDA:179,26,1,0
BRDA:180,27,0,0
BRDA:180,27,1,0
BRDA:180,27,2,0
BRDA:180,27,3,0
BRDA:180,27,4,0
BRDA:201,28,0,0
BRDA:205,29,0,0
BRDA:205,30,0,0
BRDA:205,30,1,0
BRDA:206,31,0,0
BRDA:206,32,0,0
BRDA:206,32,1,0
BRDA:206,32,2,0
BRDA:208,33,0,0
BRDA:208,33,1,0
BRDA:217,34,0,0
BRDA:221,35,0,0
BRDA:266,36,0,0
BRDA:268,37,0,0
BRDA:268,37,1,0
BRDA:274,38,0,0
BRDA:274,38,1,0
BRDA:323,39,0,0
BRDA:339,40,0,0
BRDA:378,41,0,0
BRDA:437,42,0,0
BRDA:437,42,1,0
BRDA:437,42,2,0
BRDA:467,43,0,0
BRDA:467,43,1,0
BRDA:501,44,0,0
BRDA:501,44,1,0
BRF:68
BRH:0
end_of_record
TN:
SF:components\FileUpload.tsx
FN:13,(anonymous_1)
FN:20,(anonymous_2)
FNF:2
FNH:0
FNDA:0,(anonymous_1)
FNDA:0,(anonymous_2)
DA:3,0
DA:4,0
DA:5,0
DA:13,0
DA:18,0
DA:20,0
DA:21,0
DA:22,0
DA:26,0
DA:106,0
LF:10
LH:0
BRDA:21,0,0,0
BRDA:42,1,0,0
BRDA:42,1,1,0
BRDA:43,2,0,0
BRDA:43,2,1,0
BRDA:50,3,0,0
BRDA:63,4,0,0
BRDA:63,4,1,0
BRDA:80,5,0,0
BRF:9
BRH:0
end_of_record
TN:
SF:components\ResponsiveNavbar.tsx
FN:55,ResponsiveNavbar
FN:63,(anonymous_3)
FN:64,(anonymous_4)
FN:69,(anonymous_5)
FN:72,(anonymous_6)
FN:76,(anonymous_7)
FN:102,(anonymous_8)
FN:196,(anonymous_9)
FNF:8
FNH:0
FNDA:0,ResponsiveNavbar
FNDA:0,(anonymous_3)
FNDA:0,(anonymous_4)
FNDA:0,(anonymous_5)
FNDA:0,(anonymous_6)
FNDA:0,(anonymous_7)
FNDA:0,(anonymous_8)
FNDA:0,(anonymous_9)
DA:3,0
DA:4,0
DA:5,0
DA:19,0
DA:55,0
DA:60,0
DA:61,0
DA:63,0
DA:64,0
DA:65,0
DA:68,0
DA:69,0
DA:72,0
DA:73,0
DA:76,0
DA:77,0
DA:103,0
DA:197,0
LF:18
LH:0
BRDA:56,0,0,0
BRDA:57,1,0,0
BRDA:58,2,0,0
BRDA:83,3,0,0
BRDA:83,3,1,0
BRDA:113,4,0,0
BRDA:132,5,0,0
BRDA:132,5,1,0
BRDA:163,6,0,0
BRDA:208,7,0,0
BRF:10
BRH:0
end_of_record
TN:
SF:components\ThemeToggle.tsx
FN:10,ThemeToggle
FN:14,(anonymous_3)
FN:29,(anonymous_4)
FNF:3
FNH:0
FNDA:0,ThemeToggle
FNDA:0,(anonymous_3)
FNDA:0,(anonymous_4)
DA:3,0
DA:4,0
DA:10,0
DA:11,0
DA:12,0
DA:14,0
DA:15,0
DA:17,0
DA:18,0
DA:20,0
DA:21,0
DA:22,0
DA:24,0
DA:25,0
DA:29,0
DA:30,0
DA:31,0
DA:32,0
DA:33,0
DA:36,0
LF:20
LH:0
BRDA:10,0,0,0
BRDA:20,1,0,0
BRDA:20,1,1,0
BRDA:25,2,0,0
BRDA:25,2,1,0
BRDA:30,3,0,0
BRDA:30,3,1,0
BRDA:36,4,0,0
BRDA:49,5,0,0
BRDA:49,5,1,0
BRDA:50,6,0,0
BRDA:50,6,1,0
BRDA:55,7,0,0
BRDA:55,7,1,0
BRDA:62,8,0,0
BRDA:62,8,1,0
BRDA:63,9,0,0
BRDA:63,9,1,0
BRDA:69,10,0,0
BRDA:69,10,1,0
BRDA:73,11,0,0
BRDA:97,12,0,0
BRDA:97,12,1,0
BRF:23
BRH:0
end_of_record
TN:
SF:lib\api.ts
FN:20,(anonymous_13)
FN:24,(anonymous_14)
FN:32,(anonymous_15)
FN:35,(anonymous_16)
FN:52,(anonymous_17)
FN:66,(anonymous_18)
FN:72,(anonymous_19)
FN:78,(anonymous_20)
FN:89,(anonymous_21)
FN:98,(anonymous_22)
FN:104,(anonymous_23)
FN:127,(anonymous_24)
FN:133,(anonymous_25)
FN:144,(anonymous_26)
FNF:14
FNH:0
FNDA:0,(anonymous_13)
FNDA:0,(anonymous_14)
FNDA:0,(anonymous_15)
FNDA:0,(anonymous_16)
FNDA:0,(anonymous_17)
FNDA:0,(anonymous_18)
FNDA:0,(anonymous_19)
FNDA:0,(anonymous_20)
FNDA:0,(anonymous_21)
FNDA:0,(anonymous_22)
FNDA:0,(anonymous_23)
FNDA:0,(anonymous_24)
FNDA:0,(anonymous_25)
FNDA:0,(anonymous_26)
DA:5,0
DA:7,0
DA:10,0
DA:19,0
DA:21,0
DA:22,0
DA:25,0
DA:26,0
DA:31,0
DA:33,0
DA:36,0
DA:39,0
DA:40,0
DA:41,0
DA:42,0
DA:43,0
DA:44,0
DA:46,0
DA:52,0
DA:53,0
DA:54,0
DA:56,0
DA:62,0
DA:66,0
DA:67,0
DA:68,0
DA:72,0
DA:73,0
DA:74,0
DA:78,0
DA:79,0
DA:85,0
DA:89,0
DA:90,0
DA:94,0
DA:98,0
DA:99,0
DA:100,0
DA:104,0
DA:105,0
DA:111,0
DA:114,0
DA:115,0
DA:116,0
DA:117,0
DA:118,0
DA:119,0
DA:120,0
DA:121,0
DA:123,0
DA:127,0
DA:128,0
DA:129,0
DA:133,0
DA:134,0
DA:135,0
DA:136,0
DA:137,0
DA:139,0
DA:144,0
DA:145,0
DA:146,0
DA:147,0
DA:149,0
DA:150,0
DA:154,0
LF:66
LH:0
BRDA:7,0,0,0
BRDA:7,0,1,0
BRDA:36,1,0,0
BRDA:36,1,1,0
BRDA:39,2,0,0
BRDA:39,2,1,0
BRDA:41,3,0,0
BRDA:41,3,1,0
BRDA:43,4,0,0
BRDA:43,4,1,0
BRDA:46,5,0,0
BRDA:46,5,1,0
BRDA:82,6,0,0
BRDA:82,6,1,0
BRDA:104,7,0,0
BRDA:112,8,0,0
BRDA:112,8,1,0
BRDA:117,9,0,0
BRDA:117,9,1,0
BRDA:134,10,0,0
BRDA:134,10,1,0
BRDA:136,11,0,0
BRDA:136,11,1,0
BRF:23
BRH:0
end_of_record
